/home/rumen/Private/Other/Nextcloud/
# timestamp | duration | file | instruction | dir | modtime | etag | size | fileId | status | errorString | http result code | other size | other modtime | X-Request-ID
#=#=#=# Syncrun started 2024-11-30T17:42:07Z
#=#=#=#=# Propagation starts 2024-11-30T17:42:08Z (last step: 537 msec, total: 538 msec)
17:41:58||personal|8|1|1732197077||3960|00000444ocw1sbyfxkrb|13|Unknown error|201|0|0|8ec0b2dd-f9ab-4ba9-9295-43fe79f51376|
17:41:58||aideFi|8|1|1729574710||504|00000442ocw1sbyfxkrb|13|Unknown error|201|0|0|245a4cbf-5063-477c-9bbf-a0d762a8356a|
17:41:58||PhantomOS|8|1|1732256027||840|00000445ocw1sbyfxkrb|13|Unknown error|201|0|0|0f29e31e-58d6-4ec0-a3ab-2c4993e3276e|
17:41:58||joplin|8|1|1726399469||53584|00000443ocw1sbyfxkrb|13|Unknown error|201|0|0|a5ca51ce-0b56-4f10-a996-58b77d519764|
17:41:58||work|8|1|1726399469||168|00000446ocw1sbyfxkrb|13|Unknown error|201|0|0|1568bfbe-322c-4c91-afe8-f5e32e938edb|
17:41:58||presents|8|1|1726399469||336|00000447ocw1sbyfxkrb|13|Unknown error|201|0|0|31693199-99c9-4ccf-ac5c-4eecab32038a|
17:41:59||personal/writing|8|1|1732043458||1008|00000449ocw1sbyfxkrb|13|Unknown error|201|0|0|22ec0d42-9d3b-4788-a00f-e50bf7ea2fd8|
17:41:59||aideFi/2023-24|8|1|1726399469||336|00000450ocw1sbyfxkrb|13|Unknown error|201|0|0|31e24d3a-9eae-47f2-985c-147473877162|
17:41:59||PhantomOS/notes|8|1|1732566287||1048|00000452ocw1sbyfxkrb|13|Unknown error|201|0|0|4e21557a-22fa-448c-9273-d8ce9e1b35a5|
17:41:59||PhantomOS/assets|8|1|1732256027||336|00000451ocw1sbyfxkrb|13|Unknown error|201|0|0|a4027289-f7bb-4418-9345-ee740f9af604|
17:41:59||PhantomOS/progress|8|1|1726399469||2688|00000453ocw1sbyfxkrb|13|Unknown error|201|0|0|90924f2a-05df-4840-9827-f1477e583a22|
17:41:59||PhantomOS/summer|8|1|1732255984||704|00000454ocw1sbyfxkrb|13|Unknown error|201|0|0|68a8f37d-3515-4640-88ba-391e7e74832f|
17:42:00||aideFi/2024-25|8|1|1726399469||168|00000455ocw1sbyfxkrb|13|Unknown error|201|0|0|edf60470-347e-450d-87b8-b1a7715375ec|
17:42:00||aideFi/2023-24/winter|8|1|1726399469||208|00000457ocw1sbyfxkrb|13|Unknown error|201|0|0|b1c9dd63-d6d6-450a-9c7f-79d2add00170|
17:42:00||aideFi/2023-24/summer|8|1|1726399469||584|00000456ocw1sbyfxkrb|13|Unknown error|201|0|0|7495e075-3f21-42cc-aeec-a1ab57e6ceec|
17:42:00||joplin/.resource|8|1|1726399469||4960|00000460ocw1sbyfxkrb|13|Unknown error|201|0|0|8afa267a-0deb-45da-a77c-52d858b17b33|
17:42:00||joplin/.lock|8|1|1726399469||0|00000458ocw1sbyfxkrb|13|Unknown error|201|0|0|4a1d71bc-41ae-455d-984a-393c3d54e117|
17:42:00||aideFi/general|8|1|1729574745||416|00000459ocw1sbyfxkrb|13|Unknown error|201|0|0|93550b9b-36e2-45f5-b33c-3a5bf71b401e|
17:42:01||aideFi/2024-25/winter|8|1|1728415376||1000|00000461ocw1sbyfxkrb|13|Unknown error|201|0|0|8412148b-9058-48a1-8710-f0a2e3fcd198|
17:42:01||joplin/.sync|8|1|1726399469||336|00000462ocw1sbyfxkrb|13|Unknown error|201|0|0|491841b9-0243-4097-b710-7fccb8ac0ee5|
17:42:01||joplin/locks|8|1|1726399469||0|00000463ocw1sbyfxkrb|13|Unknown error|201|0|0|5242b584-0f84-4070-ad6a-47d7d667b329|
17:42:01||joplin/temp|8|1|1726399469||0|00000464ocw1sbyfxkrb|13|Unknown error|201|0|0|c4452d0f-d9b9-4050-980a-ae4000a6f772|
17:42:01||personal/writing/book_1|8|1|1726399469||1584|00000465ocw1sbyfxkrb|13|Unknown error|201|0|0|2beffd68-9406-4234-b2e7-e193013f1a1f|
17:42:01||personal/writing/daily|8|1|1726399469||960|00000466ocw1sbyfxkrb|13|Unknown error|201|0|0|3ec251f8-e70d-4228-95e7-b4bf16069a06|
17:42:02||personal/writing/poems|8|1|1726399469||544|00000468ocw1sbyfxkrb|13|Unknown error|201|0|0|4830ada4-c6c7-434f-bb1c-bf69dbb0fe4d|
17:42:02||personal/writing/parisian_poetry|8|1|1726399469||960|00000467ocw1sbyfxkrb|13|Unknown error|201|0|0|cfde8721-ed9e-47ca-a632-246136ef23df|
17:42:02||personal/writing/short_stories|8|1|1726399469||792|00000469ocw1sbyfxkrb|13|Unknown error|201|0|0|03ce9812-83a6-4583-b4fc-0d063c226a90|
17:42:03||personal/rumen_mitov.jpg|8|1|1726399833|79823f820fd0dbfbc03f7fc44bc4df5b|5799936|00000472ocw1sbyfxkrb|13||201|0|0|fa4dde4f-83b3-4a61-b0fc-b6ba621ff910|
17:42:03||presents/bday_mum_2024|8|1|1726399469||624|00000471ocw1sbyfxkrb|13|Unknown error|201|0|0|e75f4cd6-9af8-4cb2-a484-d4bc0672ede4|
17:42:03||personal/writing/book_1/draft_2|8|1|1726399469||2256|00000470ocw1sbyfxkrb|13|Unknown error|201|0|0|bf5478c5-26be-4f89-a149-0f29c16a7a76|
17:42:03||personal/writing/poems/his_cross|8|1|1726399469||416|00000473ocw1sbyfxkrb|13|Unknown error|201|0|0|d8a1e5de-b562-45da-b4e9-ad3ee5f0b0e6|
17:42:03||personal/writing/short_stories/a_tale_of_christmas|8|1|1726399469||416|00000474ocw1sbyfxkrb|13|Unknown error|201|0|0|37eae1d4-8804-42d0-ba09-797c6098cc81|
17:42:04||personal/writing/short_stories/two_mortals|8|1|1726399469||792|00000475ocw1sbyfxkrb|13|Unknown error|201|0|0|fb1bcaa3-b9e0-478d-8888-fbd6c732c18f|
17:42:04||personal/writing/book_1/draft_2/notes|8|1|1726399469||336|00000477ocw1sbyfxkrb|13|Unknown error|201|0|0|6cd08ff3-21f1-4280-91ce-28552a8b1c29|
17:42:04||presents/xmas_2023|8|1|1726399469||624|00000476ocw1sbyfxkrb|13|Unknown error|201|0|0|34b21a9e-3e30-4215-ba65-166ca835b2c5|
17:42:04||work/2024|8|1|1726399469||544|00000478ocw1sbyfxkrb|13|Unknown error|201|0|0|3de05b99-499b-425c-bb85-433793d9b8b3|
17:42:47||presents/xmas_2023/jingle_bell_rock.mp4|8|1|1726399833|3f3e55200d77c067a65b41c437807d80|305323787|00000486ocw1sbyfxkrb|13||201|0|0|2cdaa384-96f2-40f6-ac72-fede1a2f9b1f|
17:43:25||presents/xmas_2023/jingle_bells.mp4|8|1|1726399833|8331317c3fa9ab76d3157347925eddfe|194223033|00000490ocw1sbyfxkrb|13||201|0|0|567fb86e-dd95-4963-bc14-ddba8914efa6|
17:43:25||work/2024/constructor_tech|8|1|1732532846||1584|00000491ocw1sbyfxkrb|13|Unknown error|201|0|0|69afa029-8827-44e1-bb2a-94633838c90b|
17:43:26||work/2024/ta|8|1|1730284533||960|00000492ocw1sbyfxkrb|13|Unknown error|201|0|0|e28b46fd-7619-4782-b13a-c19393aae8e8|
17:43:26||work/2024/eca|8|1|1729672519||1336|00000493ocw1sbyfxkrb|13|Unknown error|201|0|0|0d235c62-efc9-48e4-9fa9-0052e080ebf4|
17:43:27||work/2024/ta/c_cpp|8|1|1730393258||1040|00000494ocw1sbyfxkrb|13|Unknown error|201|0|0|9f8cc840-7d98-4b1d-85d3-6e91fd018b01|
17:43:27||work/2024/ta/ics|8|1|1730284533||208|00000496ocw1sbyfxkrb|13|Unknown error|201|0|0|26bb2518-4c86-4960-b1ff-e3cf9da9d8de|
17:43:27||work/2024/ta/mfcs|8|1|1730411905||832|00000495ocw1sbyfxkrb|13|Unknown error|201|0|0|8b7d8e03-2a3c-4b71-ab16-958eeea67990|
17:43:31||presents/xmas_2023/feliz_navidad.mp4|8|1|1726399833|03481c460cc4736f3fc6b8908db01410|465493172|00000498ocw1sbyfxkrb|13||201|0|0|25d05abb-90e3-4ea0-8047-b5b69edea568|
17:43:46||PhantomOS/constr.ovpn|8|1|1726399833|b9cbbd3281826d58593044545d1f907a|2449|00000499ocw1sbyfxkrb|13||200|0|0|705d1398-11d4-4313-a22c-cb6fd53a48eb|
17:43:46||PhantomOS/notes/genode_port.org|8|1|1726399833|f4f33601604924bdd5e042dd051b8c4e|1210|00000500ocw1sbyfxkrb|13||200|0|0|705d1398-11d4-4313-a22c-cb6fd53a48eb|
17:43:46||PhantomOS/notes/encryption.org|8|1|1726399833|59b4155963e7a0d89cfb9953c69391b6|4201|00000501ocw1sbyfxkrb|13||200|0|0|705d1398-11d4-4313-a22c-cb6fd53a48eb|
17:43:46||PhantomOS/notes/persistence.org|8|1|1726399833|722612fd0d176c8cdd1131097ac24880|1451|00000502ocw1sbyfxkrb|13||200|0|0|705d1398-11d4-4313-a22c-cb6fd53a48eb|
17:43:46||PhantomOS/notes/wasm.org|8|1|1726399833|a678d732bd20e73e59c5768760086571|1155|00000503ocw1sbyfxkrb|13||200|0|0|705d1398-11d4-4313-a22c-cb6fd53a48eb|
17:43:46||PhantomOS/notes/networking.org|8|1|1726399833|434d411c54ea933109535f31d21a8779|640|00000504ocw1sbyfxkrb|13||200|0|0|705d1398-11d4-4313-a22c-cb6fd53a48eb|
17:43:46||PhantomOS/notes/virtual_memory.org|8|1|1726399833|a210ecc695e1479ea22aecb0f2594c4d|2555|00000505ocw1sbyfxkrb|13||200|0|0|705d1398-11d4-4313-a22c-cb6fd53a48eb|
17:43:46||PhantomOS/assets/cbe_trees.png|8|1|1726399833|ae90a8d7c524524b60b1159fc1308a8b|86260|00000506ocw1sbyfxkrb|13||200|0|0|705d1398-11d4-4313-a22c-cb6fd53a48eb|
17:43:46||PhantomOS/progress/2024-07-01.org|8|1|1726399833|0c082002da1d233d5f2cbbba42b3d058|316|00000507ocw1sbyfxkrb|13||200|0|0|705d1398-11d4-4313-a22c-cb6fd53a48eb|
17:43:46||PhantomOS/progress/2024-06-24.org|8|1|1726399833|5cd84782c4489a01b11d63f7968e160c|1325|00000508ocw1sbyfxkrb|13||200|0|0|705d1398-11d4-4313-a22c-cb6fd53a48eb|
17:43:46||PhantomOS/progress/2024-06-28.org|8|1|1726399833|de9e7c0271dc4b1d4ae6d26f396f2ea6|495|00000509ocw1sbyfxkrb|13||200|0|0|705d1398-11d4-4313-a22c-cb6fd53a48eb|
17:43:46||PhantomOS/progress/2024-07-09.org|8|1|1726399833|22440212b8a8841ad7305acccc44e03b|510|00000510ocw1sbyfxkrb|13||200|0|0|705d1398-11d4-4313-a22c-cb6fd53a48eb|
17:43:46||PhantomOS/progress/2024-07-05.org|8|1|1726399833|a438b64a168abd468e5b53c2868edb4b|723|00000511ocw1sbyfxkrb|13||200|0|0|705d1398-11d4-4313-a22c-cb6fd53a48eb|
17:43:46||PhantomOS/progress/2024-07-12.org|8|1|1726399833|a467f3eb8e4c619d96fb352f42258d0f|502|00000512ocw1sbyfxkrb|13||200|0|0|705d1398-11d4-4313-a22c-cb6fd53a48eb|
17:43:46||PhantomOS/progress/2024-07-16.org|8|1|1726399833|92cb5af1812c7f05e67c2ed652c8f052|940|00000513ocw1sbyfxkrb|13||200|0|0|705d1398-11d4-4313-a22c-cb6fd53a48eb|
17:43:46||PhantomOS/progress/2024-07-18.org|8|1|1726399833|629df1f9ac62c85be4149bcfb2e38bac|508|00000514ocw1sbyfxkrb|13||200|0|0|705d1398-11d4-4313-a22c-cb6fd53a48eb|
17:43:46||PhantomOS/progress/2024-07-23.org|8|1|1726399833|eca297a435c602d17435fd404d716322|567|00000515ocw1sbyfxkrb|13||200|0|0|705d1398-11d4-4313-a22c-cb6fd53a48eb|
17:43:46||PhantomOS/summer/summer_internship_presentation_reflection.org|8|1|1729874735|47046f051799f5b331cc753addbdcea5|941|00000516ocw1sbyfxkrb|13||200|0|0|705d1398-11d4-4313-a22c-cb6fd53a48eb|
17:43:46||PhantomOS/summer/summer_internship_presentation_reflection.txt|8|1|1729874752|e27b167b801f29ca28764553bb6cd722|1148|00000517ocw1sbyfxkrb|13||200|0|0|705d1398-11d4-4313-a22c-cb6fd53a48eb|
17:43:46||PhantomOS/summer/summer_meetings.org|8|1|1729545619|1e9accc5cc64d144405ade43a6d4c940|1260|00000518ocw1sbyfxkrb|13||200|0|0|705d1398-11d4-4313-a22c-cb6fd53a48eb|
17:43:46||joplin/.resource/004781db3905476eb21a71427d433374|8|1|1726399833|da1abb91bd75a0b1e73b016399672094|4704|00000519ocw1sbyfxkrb|13||200|0|0|705d1398-11d4-4313-a22c-cb6fd53a48eb|
17:43:46||joplin/.resource/054a481d63b649ee8631b4f20ab73594|8|1|1726399833|c4267e41949a664da3ab0308e7102984|4704|00000520ocw1sbyfxkrb|13||200|0|0|705d1398-11d4-4313-a22c-cb6fd53a48eb|
17:43:46||aideFi/2023-24/summer/dad_household_revenue.pdf|8|1|1726399833|91e1fa039556bbafaa7e3bce297cb699|112594|00000521ocw1sbyfxkrb|13||200|0|0|705d1398-11d4-4313-a22c-cb6fd53a48eb|
17:43:46||joplin/.resource/63b8ddd37c374849a523fa52d08f8746|8|1|1726399833|80303d7b1bf6fca5982addc3bc2a5658|8894|00000522ocw1sbyfxkrb|13||200|0|0|705d1398-11d4-4313-a22c-cb6fd53a48eb|
17:43:46||joplin/.resource/947df53431e04b7da9db3a0a0d1e200d|8|1|1726399833|1aca0d685053c26a9bf189e3523079c8|8894|00000523ocw1sbyfxkrb|13||200|0|0|705d1398-11d4-4313-a22c-cb6fd53a48eb|
17:43:46||aideFi/2023-24/summer/mum_household_revenue.pdf|8|1|1726399833|160188c92f3982717de251ae42adc02d|114197|00000524ocw1sbyfxkrb|13||200|0|0|705d1398-11d4-4313-a22c-cb6fd53a48eb|
17:43:46||joplin/.resource/9febaa802c0a4cc889351c0995825c38|8|1|1726399833|8f46e426c166ecb00170362dd84de3e7|4704|00000525ocw1sbyfxkrb|13||200|0|0|705d1398-11d4-4313-a22c-cb6fd53a48eb|
17:43:46||joplin/.resource/a8975b276d8c4a738ff2e6cbb44e2253|8|1|1726399833|6fb347e3dc81b26eab7c505716fbd9dd|4704|00000526ocw1sbyfxkrb|13||200|0|0|705d1398-11d4-4313-a22c-cb6fd53a48eb|
17:43:46||aideFi/2023-24/winter/enrollment_letter.pdf|8|1|1726399833|c2e9f90c63dcd309a9cce3552edee27f|218152|00000527ocw1sbyfxkrb|13||200|0|0|705d1398-11d4-4313-a22c-cb6fd53a48eb|
17:43:46||joplin/.resource/bb28a8ec47364326a77829b08aba427f|8|1|1726399833|bd165995e983729f7a2e1b3ecfd7c24d|8894|00000528ocw1sbyfxkrb|13||200|0|0|705d1398-11d4-4313-a22c-cb6fd53a48eb|
17:43:46||joplin/004781db3905476eb21a71427d433374.md|8|1|1726399833|ecf5b9c292d21828c229e90af84b6150|415|00000529ocw1sbyfxkrb|13||200|0|0|705d1398-11d4-4313-a22c-cb6fd53a48eb|
17:43:46||joplin/01911fc6e58a4010baddfdaf5688003a.md|8|1|1726399833|935bd7eee374c1685ba74753c718ded7|733|00000530ocw1sbyfxkrb|13||200|0|0|705d1398-11d4-4313-a22c-cb6fd53a48eb|
17:43:46||joplin/02f11b20a1bc4067a69ac37263717dfc.md|8|1|1726399833|c5394041f0b686a7b4d538f5d9a1d857|373|00000531ocw1sbyfxkrb|13||200|0|0|705d1398-11d4-4313-a22c-cb6fd53a48eb|
17:43:46||joplin/03cfd89685ac48b5af04a47a46821c60.md|8|1|1726399833|a73aeb42aede18e3289e69a965a8809b|872|00000532ocw1sbyfxkrb|13||200|0|0|705d1398-11d4-4313-a22c-cb6fd53a48eb|
17:43:46||joplin/054a481d63b649ee8631b4f20ab73594.md|8|1|1726399833|babea727f1dbf6a9535cff0ea6885a55|499|00000533ocw1sbyfxkrb|13||200|0|0|705d1398-11d4-4313-a22c-cb6fd53a48eb|
17:43:46||joplin/0954d5c93d454cdf8b63909d520e8ed2.md|8|1|1726399833|ccac327ddae047c813ff7aa35ba5cd71|1251|00000534ocw1sbyfxkrb|13||200|0|0|705d1398-11d4-4313-a22c-cb6fd53a48eb|
17:43:46||joplin/0ad93d86345542f09022d3bb4ab04fe8.md|8|1|1726399833|b74e84ca43c73880eb1c29c5a90019e6|2193|00000535ocw1sbyfxkrb|13||200|0|0|705d1398-11d4-4313-a22c-cb6fd53a48eb|
17:43:46||joplin/11ba52ab2f204f5290090fbe1e9eda81.md|8|1|1726399833|a827390e23b47ed555666c1dadcdec3f|813|00000536ocw1sbyfxkrb|13||200|0|0|705d1398-11d4-4313-a22c-cb6fd53a48eb|
17:43:46||joplin/127e53021bdc4d4192ef982d6bea4e1f.md|8|1|1726399833|4d85adaf4372ff42d5739d1561f4b801|1041|00000537ocw1sbyfxkrb|13||200|0|0|705d1398-11d4-4313-a22c-cb6fd53a48eb|
17:43:46||joplin/12b75c026d884f588540e4d1c8178e2d.md|8|1|1726399833|918c66c449c7d1fb729b235e23fda15b|959|00000538ocw1sbyfxkrb|13||200|0|0|705d1398-11d4-4313-a22c-cb6fd53a48eb|
17:43:46||joplin/12c896f4fb5d4fae83959c97fd24e7e6.md|8|1|1726399833|409430ea567f056ba5914a2001149565|778|00000539ocw1sbyfxkrb|13||200|0|0|705d1398-11d4-4313-a22c-cb6fd53a48eb|
17:43:46||joplin/13c86e1b667f4e45afd1d2a30e8e5543.md|8|1|1726399833|cf29b5bd821d781691225fedcb47f564|1207|00000540ocw1sbyfxkrb|13||200|0|0|705d1398-11d4-4313-a22c-cb6fd53a48eb|
17:43:46||joplin/13e078cd227e428bb59316ab0c58109f.md|8|1|1726399833|0d8ee4be4198e3db0f3bbb6150c65428|800|00000541ocw1sbyfxkrb|13||200|0|0|705d1398-11d4-4313-a22c-cb6fd53a48eb|
17:43:46||joplin/14fd0895a8f147a38a4158529f0c06eb.md|8|1|1726399833|f081128d036a118b130f94023761f129|966|00000542ocw1sbyfxkrb|13||200|0|0|705d1398-11d4-4313-a22c-cb6fd53a48eb|
17:43:46||joplin/1619350bdee749979809affaf821be41.md|8|1|1726399833|6016ad540a652415ba0bd9290bb910d3|376|00000543ocw1sbyfxkrb|13||200|0|0|705d1398-11d4-4313-a22c-cb6fd53a48eb|
17:43:46||joplin/161c802ee17847ac84be070f5a284405.md|8|1|1726399833|2256f472dc346eaef1599a484f35c0f2|654|00000544ocw1sbyfxkrb|13||200|0|0|705d1398-11d4-4313-a22c-cb6fd53a48eb|
17:43:46||PhantomOS/assets/background.jpg|8|1|1729662807|d477056f3e3f95b92a67746cfe6bb32f|535082|00000545ocw1sbyfxkrb|13||200|0|0|705d1398-11d4-4313-a22c-cb6fd53a48eb|
17:43:46||joplin/16c6c9b5f35e43b588ab392cc7da07ba.md|8|1|1726399833|63e1406972a672401171498b4fd659e7|1623|00000546ocw1sbyfxkrb|13||200|0|0|705d1398-11d4-4313-a22c-cb6fd53a48eb|
17:43:46||joplin/171e3c2fe30e4fc88511a63e47ec853e.md|8|1|1726399833|b95b310d815c727f1a37e8922450979d|368|00000547ocw1sbyfxkrb|13||200|0|0|705d1398-11d4-4313-a22c-cb6fd53a48eb|
17:43:46||joplin/16fcfe3566f1454d9a38bb09e3afcc11.md|8|1|1726399833|e8e128a7b0ac38e46e38a1c71833cffe|3769|00000548ocw1sbyfxkrb|13||200|0|0|705d1398-11d4-4313-a22c-cb6fd53a48eb|
17:43:46||joplin/.resource/44a8e220c88c431dbec9470a33e0a551|8|1|1726399833|62f83e4f76ccab432b8cb10c55697909|448800|00000549ocw1sbyfxkrb|13||200|0|0|705d1398-11d4-4313-a22c-cb6fd53a48eb|
17:43:46||joplin/1922ba8dda4942dd99f12766d88e28b9.md|8|1|1726399833|c61cb19fece11ffbb8d462cda5e47fa8|1901|00000550ocw1sbyfxkrb|13||200|0|0|705d1398-11d4-4313-a22c-cb6fd53a48eb|
17:43:46||joplin/18f7f2b821204367883e41898b16e82a.md|8|1|1726399833|dd0f9d04771d34f0284b4983128a7258|1402|00000551ocw1sbyfxkrb|13||200|0|0|705d1398-11d4-4313-a22c-cb6fd53a48eb|
17:43:46||joplin/1afa5143bce9437eb36a000035e24359.md|8|1|1726399833|813d3791bf8cb3ea9b9a713639d381b8|910|00000552ocw1sbyfxkrb|13||200|0|0|705d1398-11d4-4313-a22c-cb6fd53a48eb|
17:43:46||joplin/1c8cff50cf234bf4b7cdc6ec35fd30a1.md|8|1|1726399833|32d8fb8ad930de9cf3a731d40bf4294f|354|00000553ocw1sbyfxkrb|13||200|0|0|705d1398-11d4-4313-a22c-cb6fd53a48eb|
17:43:46||joplin/1af46db169734b27a64115d2d864bd81.md|8|1|1726399833|3ec88c1578be7e65b42d8f6ab47cc9a7|381|00000554ocw1sbyfxkrb|13||200|0|0|705d1398-11d4-4313-a22c-cb6fd53a48eb|
17:43:46||joplin/.resource/35502cb2b20443f59d3e6ce53d07ed19|8|1|1726399833|6a3467a136eb56e70e5c327be8329143|448800|00000555ocw1sbyfxkrb|13||200|0|0|705d1398-11d4-4313-a22c-cb6fd53a48eb|
17:43:46||joplin/1cfa719a00a94c699b29236fdb01fe39.md|8|1|1726399833|791d91a43b3d4957fa1646b3ffd48acf|757|00000556ocw1sbyfxkrb|13||200|0|0|705d1398-11d4-4313-a22c-cb6fd53a48eb|
17:43:46||joplin/1df90f9ddbeb4d81bdf2e427f623db2e.md|8|1|1726399833|7274024d9cab4694bc5f02683a3035c9|968|00000557ocw1sbyfxkrb|13||200|0|0|705d1398-11d4-4313-a22c-cb6fd53a48eb|
17:43:46||joplin/1efdbe8b29f540c187eed79b58ebdff7.md|8|1|1726399833|0d6fa1b9821be4f3a4824fb5ea0ad123|3823|00000558ocw1sbyfxkrb|13||200|0|0|705d1398-11d4-4313-a22c-cb6fd53a48eb|
17:43:46||joplin/22282a8baba54d17a9fa26a1b91079ee.md|8|1|1726399833|168b8b19201af236975e7da30fee3d5c|907|00000559ocw1sbyfxkrb|13||200|0|0|705d1398-11d4-4313-a22c-cb6fd53a48eb|
17:43:46||joplin/1ffa791d6e9a4ee9b0f0ceca3f196f2e.md|8|1|1726399833|926a12e1dcbaa4fb9f6baf2dd1cb05d0|376|00000560ocw1sbyfxkrb|13||200|0|0|705d1398-11d4-4313-a22c-cb6fd53a48eb|
17:43:46||joplin/26724773434a48ba9363a7e35e9dd0d7.md|8|1|1726399833|c6f9145deb22c46f930895e4837c98e8|894|00000561ocw1sbyfxkrb|13||200|0|0|705d1398-11d4-4313-a22c-cb6fd53a48eb|
17:43:46||joplin/239d4d3619ea46aeb69d82f86e2cae32.md|8|1|1726399833|3682c37860bb8a9124b01141064316b8|377|00000562ocw1sbyfxkrb|13||200|0|0|705d1398-11d4-4313-a22c-cb6fd53a48eb|
17:43:46||joplin/272c74a199dc4165b620d86063698d5d.md|8|1|1726399833|810bb06d99422c94cd8d49b67a7109ea|813|00000563ocw1sbyfxkrb|13||200|0|0|705d1398-11d4-4313-a22c-cb6fd53a48eb|
17:43:46||joplin/27627817448b4722a33f4ff44962046c.md|8|1|1726399833|c594204c731fe9965f5de476fcf909f1|658|00000564ocw1sbyfxkrb|13||200|0|0|705d1398-11d4-4313-a22c-cb6fd53a48eb|
17:43:46||joplin/2802968695534cfe958e2aee5238aefa.md|8|1|1726399833|2a65d3cb7b8b1a68ceb98c8edefcf37a|354|00000565ocw1sbyfxkrb|13||200|0|0|705d1398-11d4-4313-a22c-cb6fd53a48eb|
17:43:46||joplin/2a33c4f122b4426bbdf1d7ebc2d114b9.md|8|1|1726399833|87df6a2cb49a1f86c48ead6179288ae1|419|00000566ocw1sbyfxkrb|13||200|0|0|705d1398-11d4-4313-a22c-cb6fd53a48eb|
17:43:46||joplin/2a901cec55f54882bd8155fef2f1ea00.md|8|1|1726399833|ce03f86b0e2d91ac7c3cc4116e5f6600|3832|00000567ocw1sbyfxkrb|13||200|0|0|705d1398-11d4-4313-a22c-cb6fd53a48eb|
17:43:46||joplin/2c1823bfcd974688a63403f76946a303.md|8|1|1726399833|87df9aae14f30205108f474f36cb7f65|676|00000568ocw1sbyfxkrb|13||200|0|0|705d1398-11d4-4313-a22c-cb6fd53a48eb|
17:43:46||joplin/2be31525362441eea96dfcc7e41be22a.md|8|1|1726399833|53db819a28328d7fe0ee4cb33815106d|16050|00000569ocw1sbyfxkrb|13||200|0|0|705d1398-11d4-4313-a22c-cb6fd53a48eb|
17:43:46||joplin/2c1ae176b7db4dc4999207a35742f21d.md|8|1|1726399833|3cb446685da50e07f5cfb191f58a0597|694|00000570ocw1sbyfxkrb|13||200|0|0|705d1398-11d4-4313-a22c-cb6fd53a48eb|
17:43:46||joplin/2d417061302643d48e7a6d7b4eae8d12.md|8|1|1726399833|06d7da719a1bcb6384eb61e2f7b240c2|386|00000571ocw1sbyfxkrb|13||200|0|0|705d1398-11d4-4313-a22c-cb6fd53a48eb|
17:43:46||joplin/2d827c0581ba469babc8e3e54c9895c6.md|8|1|1726399833|9164fbbd2d020dafc18da8946530664b|424|00000572ocw1sbyfxkrb|13||200|0|0|705d1398-11d4-4313-a22c-cb6fd53a48eb|
17:43:46||joplin/2f67e05123a2472ba525a8fef9ab6556.md|8|1|1726399833|47e87a6a238b97f45991bc58c8db8040|367|00000573ocw1sbyfxkrb|13||200|0|0|705d1398-11d4-4313-a22c-cb6fd53a48eb|
17:43:46||joplin/.resource/34a7db4b280149fd8f3cf63045eeac42|8|1|1726399833|f7709d106af3aba2a87756dda6157969|448800|00000574ocw1sbyfxkrb|13||200|0|0|705d1398-11d4-4313-a22c-cb6fd53a48eb|
17:43:46||joplin/3168d18176084a52a3c57f04ac22150b.md|8|1|1726399833|56c81edebfed7c63905690a7091c6ac3|4295|00000575ocw1sbyfxkrb|13||200|0|0|705d1398-11d4-4313-a22c-cb6fd53a48eb|
17:43:46||joplin/31abc5d8fd044f86b96108da46b15afb.md|8|1|1726399833|84756761b0264a67aa5a52f701bb16c4|691|00000576ocw1sbyfxkrb|13||200|0|0|705d1398-11d4-4313-a22c-cb6fd53a48eb|
17:43:46||joplin/31c4e445a4c34d4db4ea3f446f881fc3.md|8|1|1726399833|bddb1614117116d38780f9b967bad8b7|2095|00000577ocw1sbyfxkrb|13||200|0|0|705d1398-11d4-4313-a22c-cb6fd53a48eb|
17:43:46||joplin/34a7db4b280149fd8f3cf63045eeac42.md|8|1|1726399833|3cb716a74920acee5bcefe9f1194bcf3|415|00000578ocw1sbyfxkrb|13||200|0|0|705d1398-11d4-4313-a22c-cb6fd53a48eb|
17:43:46||joplin/35502cb2b20443f59d3e6ce53d07ed19.md|8|1|1726399833|bc25209bb20f5b767fa19febf7635ff8|499|00000579ocw1sbyfxkrb|13||200|0|0|705d1398-11d4-4313-a22c-cb6fd53a48eb|
17:43:46||joplin/.resource/a6901aea1f524a5d810966c59f214bd5|8|1|1726399833|da101a999304a86a5ef158bd35aa9db1|448800|00000580ocw1sbyfxkrb|13||200|0|0|705d1398-11d4-4313-a22c-cb6fd53a48eb|
17:43:46||joplin/3564f8351fd54625ba300b64a4fe7427.md|8|1|1726399833|a223d1a430ed73b7652f47e699db03e3|805|00000581ocw1sbyfxkrb|13||200|0|0|705d1398-11d4-4313-a22c-cb6fd53a48eb|
17:43:46||joplin/3652717faa704aa3a2922b0adda44c96.md|8|1|1726399833|79aba2e6746894e9611882adc390b749|798|00000582ocw1sbyfxkrb|13||200|0|0|705d1398-11d4-4313-a22c-cb6fd53a48eb|
17:43:46||joplin/36b1a1d21bc74330af3701f66cd7f4aa.md|8|1|1726399833|f684c78454388abee723cb3c3ac2f9c5|919|00000583ocw1sbyfxkrb|13||200|0|0|705d1398-11d4-4313-a22c-cb6fd53a48eb|
17:43:46||joplin/380e9ee8de7c4e54919460b43b4226ce.md|8|1|1726399833|e0525730d77139fcb19dbb047d8f70d6|372|00000584ocw1sbyfxkrb|13||200|0|0|705d1398-11d4-4313-a22c-cb6fd53a48eb|
17:43:46||joplin/38490a545bcf44569891da9be3614cee.md|8|1|1726399833|6eee19f5672e873cd97250b8eb00d38d|741|00000585ocw1sbyfxkrb|13||200|0|0|705d1398-11d4-4313-a22c-cb6fd53a48eb|
17:43:46||joplin/388d06a361f7453fa0ed966de145acae.md|8|1|1726399833|06741977a5bbf9a8ba8280d1e9d485d8|938|00000586ocw1sbyfxkrb|13||200|0|0|705d1398-11d4-4313-a22c-cb6fd53a48eb|
17:43:46||joplin/3bd65522f6574209952d04de307da8f4.md|8|1|1726399833|43bf52d3e268d4dbe08d96731b617d1f|1225|00000587ocw1sbyfxkrb|13||200|0|0|705d1398-11d4-4313-a22c-cb6fd53a48eb|
17:43:46||joplin/3ea431225c254925b6957236e4ebf3c9.md|8|1|1726399833|5d416e08bec1cc79a14c121faf1f48a4|301|00000588ocw1sbyfxkrb|13||200|0|0|705d1398-11d4-4313-a22c-cb6fd53a48eb|
17:43:46||aideFi/2023-24/summer/enrollment.pdf|8|1|1726399833|8fd1e43693b22b94af834ef25be0d5e8|1507387|00000589ocw1sbyfxkrb|13||200|0|0|705d1398-11d4-4313-a22c-cb6fd53a48eb|
17:43:46||joplin/.resource/95bf41096c6646a3aaea727b3466da96|8|1|1726399833|5576e2938e8a81deb2d7c81db965829f|4704|00000590ocw1sbyfxkrb|13||200|0|0|705d1398-11d4-4313-a22c-cb6fd53a48eb|
17:43:46||joplin/.resource/7d08712f0ad04a85bbc88e694fe3e9a5|8|1|1726399833|7850271350d17bf4e8f64a9143398e64|784|00000591ocw1sbyfxkrb|13||200|0|0|705d1398-11d4-4313-a22c-cb6fd53a48eb|
17:43:46||joplin/.resource/bcd89579899f445bbc7eda8e902bad1c|8|1|1726399833|0129a0ec6184e86fd560e9b5e6dda845|8894|00000592ocw1sbyfxkrb|13||200|0|0|705d1398-11d4-4313-a22c-cb6fd53a48eb|
17:43:46||joplin/.resource/474c36b92d354d178e97a1b60d79e124|8|1|1726399833|3d1d5b7c3b972d9207dfea81014af714|4704|00000593ocw1sbyfxkrb|13||200|0|0|705d1398-11d4-4313-a22c-cb6fd53a48eb|
17:43:46||joplin/.resource/da5d43d9882045fa949df93ca8e11aff|8|1|1726399833|e4e75c2ca91bcddab0fc712739fa0421|8894|00000594ocw1sbyfxkrb|13||200|0|0|705d1398-11d4-4313-a22c-cb6fd53a48eb|
17:43:46||joplin/.resource/eb61e7ccd048463ebb41dfb05233a585|8|1|1726399833|a802c0ab43ed204a6f6494186296d63e|8894|00000595ocw1sbyfxkrb|13||200|0|0|705d1398-11d4-4313-a22c-cb6fd53a48eb|
17:43:46||joplin/.resource/a741229905c540c4bbd3c03229cf283a|8|1|1726399833|ef8af782bf30dd37ba99aaf5ce0462e3|58788|00000596ocw1sbyfxkrb|13||200|0|0|705d1398-11d4-4313-a22c-cb6fd53a48eb|
17:43:46||joplin/.resource/da46f688f51a488ba31c264b00797ffe|8|1|1726399833|06f6ab821ff5509a730da154f53f2017|448800|00000597ocw1sbyfxkrb|13||200|0|0|705d1398-11d4-4313-a22c-cb6fd53a48eb|
17:43:46||joplin/.resource/569b95751655444db8dfd44ba8f2671f|8|1|1726399833|f4cb3fedae347360a16a16fa744f3845|448800|00000598ocw1sbyfxkrb|13||200|0|0|705d1398-11d4-4313-a22c-cb6fd53a48eb|
17:44:01||joplin/44a8e220c88c431dbec9470a33e0a551.md|8|1|1726399833|9d31fe4d5e5dcc59b204899ae967a78a|415|00000599ocw1sbyfxkrb|13||200|0|0|f0a49e2f-42f5-4ef1-afe4-b059b3c9e9b7|
17:44:01||joplin/40f0b3c0c07c484982f14d8398eba019.md|8|1|1726399833|c92c2c00785f494484fffbe103566dac|874|00000600ocw1sbyfxkrb|13||200|0|0|f0a49e2f-42f5-4ef1-afe4-b059b3c9e9b7|
17:44:01||joplin/42c9d65c1dd140fc829cbe2440b11345.md|8|1|1726399833|1a05983a12e3f1e273240ba036c055ee|712|00000601ocw1sbyfxkrb|13||200|0|0|f0a49e2f-42f5-4ef1-afe4-b059b3c9e9b7|
17:44:01||joplin/43be380e8a7f4c5685347f029510a0ca.md|8|1|1726399833|8cdd77f9a75073045ea8e1bd2b889c3f|663|00000602ocw1sbyfxkrb|13||200|0|0|f0a49e2f-42f5-4ef1-afe4-b059b3c9e9b7|
17:44:01||joplin/468a0eea76c042378cd756e703a9af0c.md|8|1|1726399833|611abd9b04c7e6c28e00daaa0d12e29c|793|00000603ocw1sbyfxkrb|13||200|0|0|f0a49e2f-42f5-4ef1-afe4-b059b3c9e9b7|
17:44:01||joplin/455d4177ba734d91a1900d44f4662ed6.md|8|1|1726399833|e94bb0be54dda80ea08762ecf5ec9a1b|380|00000604ocw1sbyfxkrb|13||200|0|0|f0a49e2f-42f5-4ef1-afe4-b059b3c9e9b7|
17:44:01||joplin/474c36b92d354d178e97a1b60d79e124.md|8|1|1726399833|4b24620ba2b2ca80ed34b8787d6542d9|415|00000605ocw1sbyfxkrb|13||200|0|0|f0a49e2f-42f5-4ef1-afe4-b059b3c9e9b7|
17:44:01||joplin/46401575793748728618309ae7ce9201.md|8|1|1726399833|7c25bb9da148248b098d8b1b6b9945c9|383|00000606ocw1sbyfxkrb|13||200|0|0|f0a49e2f-42f5-4ef1-afe4-b059b3c9e9b7|
17:44:01||joplin/4745f8f045ac4fe3a1490af60f5ea9a0.md|8|1|1726399833|10f9ee71a6c430bb27081b99ce698a73|370|00000607ocw1sbyfxkrb|13||200|0|0|f0a49e2f-42f5-4ef1-afe4-b059b3c9e9b7|
17:44:01||joplin/4bcda5cac9654499b111c20781f45085.md|8|1|1726399833|018ef8472fb4d4128942586f5fbc79e8|808|00000608ocw1sbyfxkrb|13||200|0|0|f0a49e2f-42f5-4ef1-afe4-b059b3c9e9b7|
17:44:01||joplin/484eb6e1b9bf4ceeb14312ba7eec506a.md|8|1|1726399833|f0534e95f80310a51af026e6c4505181|1126|00000609ocw1sbyfxkrb|13||200|0|0|f0a49e2f-42f5-4ef1-afe4-b059b3c9e9b7|
17:44:01||joplin/4ca7ead9f7ec48ceb227a4ef4bb3a025.md|8|1|1726399833|9feb1777c39996f58bfcc285b5fec907|2517|00000610ocw1sbyfxkrb|13||200|0|0|f0a49e2f-42f5-4ef1-afe4-b059b3c9e9b7|
17:44:01||joplin/4c3ae20217ab4878ad608978e65ee0c1.md|8|1|1726399833|48db6af417380080271d6ec12b6ad935|814|00000611ocw1sbyfxkrb|13||200|0|0|f0a49e2f-42f5-4ef1-afe4-b059b3c9e9b7|
17:44:01||joplin/4ccae94a0d624137b4e92cc4a05f7814.md|8|1|1726399833|17637b8e485d68373664cd616a2b46fe|1080|00000612ocw1sbyfxkrb|13||200|0|0|f0a49e2f-42f5-4ef1-afe4-b059b3c9e9b7|
17:44:01||joplin/51dffebb9038468b965aab505fe9cee3.md|8|1|1726399833|0a8ddcd3bba09f6a23f4f7643cccad00|308|00000613ocw1sbyfxkrb|13||200|0|0|f0a49e2f-42f5-4ef1-afe4-b059b3c9e9b7|
17:44:01||joplin/51402483f5dd4e078d46a4907edef700.md|8|1|1726399833|8e95389bd6c59e3aa68946141d5e5126|793|00000614ocw1sbyfxkrb|13||200|0|0|f0a49e2f-42f5-4ef1-afe4-b059b3c9e9b7|
17:44:01||joplin/4d86cf540b4f4a2697932ed075dd0f67.md|8|1|1726399833|3ab3bb441fbe85362b0c0b543d0e9947|1015|00000615ocw1sbyfxkrb|13||200|0|0|f0a49e2f-42f5-4ef1-afe4-b059b3c9e9b7|
17:44:01||joplin/55e846e43e9b478d9b15b17afb95a441.md|8|1|1726399833|939576d165b5658db029b409c68be370|831|00000616ocw1sbyfxkrb|13||200|0|0|f0a49e2f-42f5-4ef1-afe4-b059b3c9e9b7|
17:44:01||joplin/569b95751655444db8dfd44ba8f2671f.md|8|1|1726399833|da73840e3c3244bab409eb1510bd5195|415|00000617ocw1sbyfxkrb|13||200|0|0|f0a49e2f-42f5-4ef1-afe4-b059b3c9e9b7|
17:44:01||joplin/5786a2bf576d4ec9984e71267cc53274.md|8|1|1726399833|66bb58e180fb0e743b35b69b48bbe767|657|00000618ocw1sbyfxkrb|13||200|0|0|f0a49e2f-42f5-4ef1-afe4-b059b3c9e9b7|
17:44:01||joplin/59dd6839aeb64cfaa3a0783eec2102e7.md|8|1|1726399833|4613c4421e23f3a2059a5a751d0e3d6b|739|00000619ocw1sbyfxkrb|13||200|0|0|f0a49e2f-42f5-4ef1-afe4-b059b3c9e9b7|
17:44:01||joplin/5c648378775a46bfbdaa10ed3d95408f.md|8|1|1726399833|466663e0df7de930c993363a98ee40cf|1007|00000620ocw1sbyfxkrb|13||200|0|0|f0a49e2f-42f5-4ef1-afe4-b059b3c9e9b7|
17:44:01||joplin/5b3b6b74f7234c9ebb667f2558e47419.md|8|1|1726399833|a6a428e14692d367b34fe0ef4a289662|813|00000621ocw1sbyfxkrb|13||200|0|0|f0a49e2f-42f5-4ef1-afe4-b059b3c9e9b7|
17:44:01||joplin/5b71066aef2f4da599ab27e5fc08487f.md|8|1|1726399833|28cabea579d5f81785e8bbf3de68bec8|354|00000622ocw1sbyfxkrb|13||200|0|0|f0a49e2f-42f5-4ef1-afe4-b059b3c9e9b7|
17:44:01||joplin/5d29ec6f8bbb49fab7bfd4966e23cab1.md|8|1|1726399833|f18e7ef0a995cf70783565d338b79727|1950|00000623ocw1sbyfxkrb|13||200|0|0|f0a49e2f-42f5-4ef1-afe4-b059b3c9e9b7|
17:44:01||joplin/5d834482ec3d402cac8be92c31129a66.md|8|1|1726399833|2a20101f4d9fa178cdcd57f5598af423|655|00000624ocw1sbyfxkrb|13||200|0|0|f0a49e2f-42f5-4ef1-afe4-b059b3c9e9b7|
17:44:01||joplin/5fdc1e9d0628406e997740a5b72e03b9.md|8|1|1726399833|6a676db96c997af6559846c3afe1f2e6|719|00000625ocw1sbyfxkrb|13||200|0|0|f0a49e2f-42f5-4ef1-afe4-b059b3c9e9b7|
17:44:01||joplin/5e72fa4eda7a4c2eaa3589a71f06f838.md|8|1|1726399833|5bd3fc2e1ad25bcb23ce9c51ebc404cd|788|00000626ocw1sbyfxkrb|13||200|0|0|f0a49e2f-42f5-4ef1-afe4-b059b3c9e9b7|
17:44:01||joplin/63b8ddd37c374849a523fa52d08f8746.md|8|1|1726399833|b61070b65c2834f202fb7f21eb999446|413|00000627ocw1sbyfxkrb|13||200|0|0|f0a49e2f-42f5-4ef1-afe4-b059b3c9e9b7|
17:44:01||joplin/664b4d5400e042808cd99af3df90d5a6.md|8|1|1726399833|e63226ac2409a882d3477f44a6eba188|990|00000628ocw1sbyfxkrb|13||200|0|0|f0a49e2f-42f5-4ef1-afe4-b059b3c9e9b7|
17:44:01||joplin/69775293ff0946bb970f7559e4317a2b.md|8|1|1726399833|8b0ca166e11bc6b3f89ffcf5e0aea5df|305|00000629ocw1sbyfxkrb|13||200|0|0|f0a49e2f-42f5-4ef1-afe4-b059b3c9e9b7|
17:44:01||joplin/676fdb5128b9460a96d75c9168074c72.md|8|1|1726399833|8e6ebda69eb92f2f9ecb0639294efbfa|875|00000630ocw1sbyfxkrb|13||200|0|0|f0a49e2f-42f5-4ef1-afe4-b059b3c9e9b7|
17:44:01||joplin/69d72c3970464c38a5c8b38506b93ac3.md|8|1|1726399833|2268980cb7888a65a7b8aa157774e555|794|00000631ocw1sbyfxkrb|13||200|0|0|f0a49e2f-42f5-4ef1-afe4-b059b3c9e9b7|
17:44:01||joplin/6c5be0408fab40a097df1bd3c9df4d56.md|8|1|1726399833|7d8032b30be212f26562d8f6c2c125ef|673|00000632ocw1sbyfxkrb|13||200|0|0|f0a49e2f-42f5-4ef1-afe4-b059b3c9e9b7|
17:44:01||joplin/6ced86ec21904cb38d6b37e5c4ab98d5.md|8|1|1726399833|f9e6fd640231fcd1b6213fa35ac769a5|3208|00000633ocw1sbyfxkrb|13||200|0|0|f0a49e2f-42f5-4ef1-afe4-b059b3c9e9b7|
17:44:01||joplin/6e88eaed302c4a658699135c3386f870.md|8|1|1726399833|152eef9f29f2235fcc540ab60b3162d8|394|00000634ocw1sbyfxkrb|13||200|0|0|f0a49e2f-42f5-4ef1-afe4-b059b3c9e9b7|
17:44:01||joplin/6d095d105bed434488ad916c69958e37.md|8|1|1726399833|fd9a41e45287ad5ac852ffe8a804bd4e|1722|00000635ocw1sbyfxkrb|13||200|0|0|f0a49e2f-42f5-4ef1-afe4-b059b3c9e9b7|
17:44:01||joplin/6f45d0d8d5084fa19687d6ce3b9fd2ed.md|8|1|1726399833|40c18b4b03cd933ebc568a0be56c821a|654|00000636ocw1sbyfxkrb|13||200|0|0|f0a49e2f-42f5-4ef1-afe4-b059b3c9e9b7|
17:44:01||joplin/6d8a8dd01529406584881b0d27c4074a.md|8|1|1726399833|eaa1f74ec6f98c43c4e550573b14631d|936|00000637ocw1sbyfxkrb|13||200|0|0|f0a49e2f-42f5-4ef1-afe4-b059b3c9e9b7|
17:44:01||joplin/7064dfb09ef14f8992e241500c208021.md|8|1|1726399833|0d7a848057cf27bb4958c69fbee89e6b|1830|00000638ocw1sbyfxkrb|13||200|0|0|f0a49e2f-42f5-4ef1-afe4-b059b3c9e9b7|
17:44:01||joplin/737c448b16174f018e63f69486fd8874.md|8|1|1726399833|461ff53b21e3988e27fec0ca8254a2f2|745|00000639ocw1sbyfxkrb|13||200|0|0|f0a49e2f-42f5-4ef1-afe4-b059b3c9e9b7|
17:44:01||joplin/7880320f89744dd38f69cd1180143eab.md|8|1|1726399833|208172465cbc586c7ed1b1aad1ece311|354|00000640ocw1sbyfxkrb|13||200|0|0|f0a49e2f-42f5-4ef1-afe4-b059b3c9e9b7|
17:44:01||joplin/770d975080cc4cbfaf371d7271e37c36.md|8|1|1726399833|369679f2ce2f180e7fe91b5d76f62d42|825|00000641ocw1sbyfxkrb|13||200|0|0|f0a49e2f-42f5-4ef1-afe4-b059b3c9e9b7|
17:44:01||joplin/79b828d2c94343259c7d5792db674d0c.md|8|1|1726399833|3e0ec729c73fe41bd955797c1ee44a17|302|00000642ocw1sbyfxkrb|13||200|0|0|f0a49e2f-42f5-4ef1-afe4-b059b3c9e9b7|
17:44:01||joplin/7b026677e3904054a928ad3aafceb5ff.md|8|1|1726399833|b73e94f640abb4d69129a74fd48241a3|652|00000643ocw1sbyfxkrb|13||200|0|0|f0a49e2f-42f5-4ef1-afe4-b059b3c9e9b7|
17:44:01||joplin/7b0f8a0568884730b68073fa9968d2b0.md|8|1|1726399833|03a4e169bd4b402be8e571093b70feb6|2104|00000644ocw1sbyfxkrb|13||200|0|0|f0a49e2f-42f5-4ef1-afe4-b059b3c9e9b7|
17:44:01||joplin/7c3858d0f5ea4795a7cdace09d735277.md|8|1|1726399833|62f1e93c46dbe2dd8be18566518d22b3|1089|00000645ocw1sbyfxkrb|13||200|0|0|f0a49e2f-42f5-4ef1-afe4-b059b3c9e9b7|
17:44:01||joplin/7c158a0105674a26872cd890ca322b08.md|8|1|1726399833|901c73986d933d27794196b38188ac16|797|00000646ocw1sbyfxkrb|13||200|0|0|f0a49e2f-42f5-4ef1-afe4-b059b3c9e9b7|
17:44:01||joplin/7b40081186804d0cbe8f8da7fab2eb63.md|8|1|1726399833|03d2b69a44fad18f60168dfdd7a27306|839|00000647ocw1sbyfxkrb|13||200|0|0|f0a49e2f-42f5-4ef1-afe4-b059b3c9e9b7|
17:44:01||joplin/7c87cef788b04f3791582b2cbd427566.md|8|1|1726399833|5b0114ba4e2f5e188944d745b2915827|380|00000648ocw1sbyfxkrb|13||200|0|0|f0a49e2f-42f5-4ef1-afe4-b059b3c9e9b7|
17:44:01||joplin/7d08712f0ad04a85bbc88e694fe3e9a5.md|8|1|1726399833|bad457770af629e7414e312fd3c7bde0|422|00000649ocw1sbyfxkrb|13||200|0|0|f0a49e2f-42f5-4ef1-afe4-b059b3c9e9b7|
17:44:01||joplin/7c93304261e7449f9183c4a1b15657e1.md|8|1|1726399833|14ae9157b5795d515614edf34455c1b5|654|00000650ocw1sbyfxkrb|13||200|0|0|f0a49e2f-42f5-4ef1-afe4-b059b3c9e9b7|
17:44:01||joplin/7fb91b83fa144c72b98f0083f89d2585.md|8|1|1726399833|dbbb2290921e3dc3e4b7ab41b0b0c908|3584|00000651ocw1sbyfxkrb|13||200|0|0|f0a49e2f-42f5-4ef1-afe4-b059b3c9e9b7|
17:44:01||joplin/815fede0c145452090ea5146ea2aaa2e.md|8|1|1726399833|6a177074fdc715f43c0c254faf90a165|654|00000652ocw1sbyfxkrb|13||200|0|0|f0a49e2f-42f5-4ef1-afe4-b059b3c9e9b7|
17:44:01||joplin/8438181973404f1e8505769528e75150.md|8|1|1726399833|cd51ee82a363fcdafe0d76eefd2b5d70|659|00000653ocw1sbyfxkrb|13||200|0|0|f0a49e2f-42f5-4ef1-afe4-b059b3c9e9b7|
17:44:01||joplin/81c938ce9f334c678a45f0ac490fde56.md|8|1|1726399833|7894f79ac10922aa998ce99693cf1bda|2201|00000654ocw1sbyfxkrb|13||200|0|0|f0a49e2f-42f5-4ef1-afe4-b059b3c9e9b7|
17:44:01||joplin/8638fcbee60841cebe814e383562718c.md|8|1|1726399833|7ebb86372bee17dc423992f0c0126ece|983|00000655ocw1sbyfxkrb|13||200|0|0|f0a49e2f-42f5-4ef1-afe4-b059b3c9e9b7|
17:44:01||joplin/85be10d2334e406ab21a8098adebf491.md|8|1|1726399833|e69a6b103fafa9152fa24be80e6c9445|903|00000656ocw1sbyfxkrb|13||200|0|0|f0a49e2f-42f5-4ef1-afe4-b059b3c9e9b7|
17:44:01||joplin/89dcbf1c69244af7a674b8dfbed67350.md|8|1|1726399833|c60519eeb15e281bcb335fab9a380231|431|00000657ocw1sbyfxkrb|13||200|0|0|f0a49e2f-42f5-4ef1-afe4-b059b3c9e9b7|
17:44:01||joplin/8a5e3ef08f914ab9947b08b224ca3db1.md|8|1|1726399833|6efa5cad0c0105bd3791d838bba805d7|782|00000658ocw1sbyfxkrb|13||200|0|0|f0a49e2f-42f5-4ef1-afe4-b059b3c9e9b7|
17:44:01||joplin/8aa0a099ae4043afa894a26f1f970253.md|8|1|1726399833|4ba447748f7a085203f45b9ba231a63c|1054|00000659ocw1sbyfxkrb|13||200|0|0|f0a49e2f-42f5-4ef1-afe4-b059b3c9e9b7|
17:44:01||joplin/8afde047ae7e4dd08f29e0e40a3afed7.md|8|1|1726399833|fa0b007bffbd4935ed60cbc3fdcec41b|850|00000660ocw1sbyfxkrb|13||200|0|0|f0a49e2f-42f5-4ef1-afe4-b059b3c9e9b7|
17:44:01||joplin/899851ec77b3401e836ec635fd2d152a.md|8|1|1726399833|bb08424ce0ab1d849afc4a835d459e16|367|00000661ocw1sbyfxkrb|13||200|0|0|f0a49e2f-42f5-4ef1-afe4-b059b3c9e9b7|
17:44:01||joplin/8ba0a445a1894c5da918fc0520afb731.md|8|1|1726399833|24e26b6556880c263d29b119e53dba40|3146|00000662ocw1sbyfxkrb|13||200|0|0|f0a49e2f-42f5-4ef1-afe4-b059b3c9e9b7|
17:44:01||joplin/8d4c4562a3e14ab09e1d2a92e872db9b.md|8|1|1726399833|58eef2a56b5209b1d70df86597d59746|1044|00000663ocw1sbyfxkrb|13||200|0|0|f0a49e2f-42f5-4ef1-afe4-b059b3c9e9b7|
17:44:01||joplin/8edaa7c5d6dd42648b35891282e1ffc2.md|8|1|1726399833|f79ada54effc9f775c98cb3ef8aad257|1029|00000664ocw1sbyfxkrb|13||200|0|0|f0a49e2f-42f5-4ef1-afe4-b059b3c9e9b7|
17:44:01||joplin/8fb16c1c56a041b795a91de5eced9ad4.md|8|1|1726399833|f0a823c44887056f9032a1aa2a32ee5e|3144|00000665ocw1sbyfxkrb|13||200|0|0|f0a49e2f-42f5-4ef1-afe4-b059b3c9e9b7|
17:44:01||joplin/90ae0047f7254ddfa830a29e381c7213.md|8|1|1726399833|f7197e41fa427777a291f720b342934d|653|00000666ocw1sbyfxkrb|13||200|0|0|f0a49e2f-42f5-4ef1-afe4-b059b3c9e9b7|
17:44:01||joplin/947df53431e04b7da9db3a0a0d1e200d.md|8|1|1726399833|8c44d41b7f6e2a38faf638366a5ca988|413|00000667ocw1sbyfxkrb|13||200|0|0|f0a49e2f-42f5-4ef1-afe4-b059b3c9e9b7|
17:44:01||joplin/95bf41096c6646a3aaea727b3466da96.md|8|1|1726399833|c73315ee1fd81a73d5f28ad00415bf04|415|00000668ocw1sbyfxkrb|13||200|0|0|f0a49e2f-42f5-4ef1-afe4-b059b3c9e9b7|
17:44:01||joplin/9325522d6cfc4e018c89a4c9cc9a3b8f.md|8|1|1726399833|65b2e2e11562a2c5dae8e9bb38c8ef24|874|00000669ocw1sbyfxkrb|13||200|0|0|f0a49e2f-42f5-4ef1-afe4-b059b3c9e9b7|
17:44:01||joplin/96e2d53f4b134fbd80eeff8ca7eb1d55.md|8|1|1726399833|01e3e5f0a518814a4b52244976588d84|368|00000670ocw1sbyfxkrb|13||200|0|0|f0a49e2f-42f5-4ef1-afe4-b059b3c9e9b7|
17:44:01||joplin/97a294966d6e4e7bb07df3f571719a2a.md|8|1|1726399833|da6fdbfb7ccbf52478d2d0771fd87651|738|00000671ocw1sbyfxkrb|13||200|0|0|f0a49e2f-42f5-4ef1-afe4-b059b3c9e9b7|
17:44:01||joplin/9a21bac5a76f4ce992146004801710ec.md|8|1|1726399833|5b7a798566876d93449464cf390ee4b0|4911|00000672ocw1sbyfxkrb|13||200|0|0|f0a49e2f-42f5-4ef1-afe4-b059b3c9e9b7|
17:44:01||joplin/9b81f70629854fbb824b1df0e47ee950.md|8|1|1726399833|c7ff790ed55e4317b6f16dcfaf53d933|729|00000673ocw1sbyfxkrb|13||200|0|0|f0a49e2f-42f5-4ef1-afe4-b059b3c9e9b7|
17:44:01||joplin/9b89dca52cc544cf9eacf43b94cfd42d.md|8|1|1726399833|da68ecd08a505098d104b077aae7e854|655|00000674ocw1sbyfxkrb|13||200|0|0|f0a49e2f-42f5-4ef1-afe4-b059b3c9e9b7|
17:44:01||joplin/99173ee403734a9cac080a602c23dc85.md|8|1|1726399833|11c5f702d90ff3af748b25df932021db|820|00000675ocw1sbyfxkrb|13||200|0|0|f0a49e2f-42f5-4ef1-afe4-b059b3c9e9b7|
17:44:01||joplin/9f1e175ed83e432b8a8c5d590ffa0dbd.md|8|1|1726399833|cc75f0d739e66c0f9942036a30bec528|653|00000676ocw1sbyfxkrb|13||200|0|0|f0a49e2f-42f5-4ef1-afe4-b059b3c9e9b7|
17:44:01||joplin/a04de058181d4014932131f9857e710b.md|8|1|1726399833|e5a4174ccd33b9171797dac4283ed59f|554|00000677ocw1sbyfxkrb|13||200|0|0|f0a49e2f-42f5-4ef1-afe4-b059b3c9e9b7|
17:44:01||joplin/9febaa802c0a4cc889351c0995825c38.md|8|1|1726399833|b46bc581ffbbd94f9441c4c09a06bf88|415|00000678ocw1sbyfxkrb|13||200|0|0|f0a49e2f-42f5-4ef1-afe4-b059b3c9e9b7|
17:44:01||joplin/a425b7faf05c47f3baae2a4df51fdef7.md|8|1|1726399833|d2297ba5f839201ea5eff66fc90ac951|1665|00000679ocw1sbyfxkrb|13||200|0|0|f0a49e2f-42f5-4ef1-afe4-b059b3c9e9b7|
17:44:01||joplin/a0e296efeb404bf6a868e45533fcd4cc.md|8|1|1726399833|d1e74104a7807aa128e218283c11645a|679|00000680ocw1sbyfxkrb|13||200|0|0|f0a49e2f-42f5-4ef1-afe4-b059b3c9e9b7|
17:44:01||joplin/a485dd1d54ee4535b508d3a53b2414b2.md|8|1|1726399833|9c6d159b24e91c89a59b44dc33d75016|4396|00000681ocw1sbyfxkrb|13||200|0|0|f0a49e2f-42f5-4ef1-afe4-b059b3c9e9b7|
17:44:01||joplin/a5601330e2fb452d8b6c9f50f932cc70.md|8|1|1726399833|a337b6d407a40aa815401578254422e1|1896|00000682ocw1sbyfxkrb|13||200|0|0|f0a49e2f-42f5-4ef1-afe4-b059b3c9e9b7|
17:44:01||joplin/a6901aea1f524a5d810966c59f214bd5.md|8|1|1726399833|381a36338154ffa5432197282dde9d7e|415|00000683ocw1sbyfxkrb|13||200|0|0|f0a49e2f-42f5-4ef1-afe4-b059b3c9e9b7|
17:44:01||joplin/a741229905c540c4bbd3c03229cf283a.md|8|1|1726399833|129292f47f36333bafd7e6c76822a65a|436|00000684ocw1sbyfxkrb|13||200|0|0|f0a49e2f-42f5-4ef1-afe4-b059b3c9e9b7|
17:44:01||joplin/a76431a356af442389a2e2b2ab680918.md|8|1|1726399833|cef639bc05ff4f63a60a7f87fc3397af|785|00000685ocw1sbyfxkrb|13||200|0|0|f0a49e2f-42f5-4ef1-afe4-b059b3c9e9b7|
17:44:01||joplin/a704cc7373db45e19ddebf65e4e87031.md|8|1|1726399833|33754fd466bde0122e92811a13646782|1819|00000686ocw1sbyfxkrb|13||200|0|0|f0a49e2f-42f5-4ef1-afe4-b059b3c9e9b7|
17:44:01||joplin/a8975b276d8c4a738ff2e6cbb44e2253.md|8|1|1726399833|22474795954245df4d14c08c0045f34e|415|00000687ocw1sbyfxkrb|13||200|0|0|f0a49e2f-42f5-4ef1-afe4-b059b3c9e9b7|
17:44:01||joplin/a9152ff91f914756b9dfbafbff73f2d3.md|8|1|1726399833|ae765fe66c4f1cbf3564f71013aae1c7|431|00000688ocw1sbyfxkrb|13||200|0|0|f0a49e2f-42f5-4ef1-afe4-b059b3c9e9b7|
17:44:01||joplin/acb0f681bc6e43039d4a78371f7d9aa9.md|8|1|1726399833|5a3369e12f156471e9ab40e4d18f3002|950|00000689ocw1sbyfxkrb|13||200|0|0|f0a49e2f-42f5-4ef1-afe4-b059b3c9e9b7|
17:44:01||joplin/ae5e950909d94a60b728936eb7add73d.md|8|1|1726399833|6e15f3fb2e89b0a868b020508f879989|640|00000690ocw1sbyfxkrb|13||200|0|0|f0a49e2f-42f5-4ef1-afe4-b059b3c9e9b7|
17:44:01||joplin/ae84175b84d44af3a6ae727bae3fbe9d.md|8|1|1726399833|a6b146795eae81bae70c352de7b6b207|936|00000691ocw1sbyfxkrb|13||200|0|0|f0a49e2f-42f5-4ef1-afe4-b059b3c9e9b7|
17:44:01||joplin/acee1b85a43e4bbd9964291620eb3e1b.md|8|1|1726399833|7da2fbe8f4769842d26b522c80fd6761|372|00000692ocw1sbyfxkrb|13||200|0|0|f0a49e2f-42f5-4ef1-afe4-b059b3c9e9b7|
17:44:01||joplin/aedcb92d330341dbbb0706a502ec6c6e.md|8|1|1726399833|a98b340da7471e977679cc3d7e5336f6|975|00000693ocw1sbyfxkrb|13||200|0|0|f0a49e2f-42f5-4ef1-afe4-b059b3c9e9b7|
17:44:01||joplin/b0fcc6192e454164a292d431b8a6b840.md|8|1|1726399833|e8f8d12c86ad52be463572c29cd83a5e|1113|00000694ocw1sbyfxkrb|13||200|0|0|f0a49e2f-42f5-4ef1-afe4-b059b3c9e9b7|
17:44:01||joplin/b4d26475b8ad491db7e4e58cec8a9b92.md|8|1|1726399833|76dc4c92c5e997364b17fef78042279d|773|00000695ocw1sbyfxkrb|13||200|0|0|f0a49e2f-42f5-4ef1-afe4-b059b3c9e9b7|
17:44:01||joplin/b7f99dbb9e334377b56a564c1ebb0235.md|8|1|1726399833|63f284d13763bb815538b79fb690d3e6|720|00000696ocw1sbyfxkrb|13||200|0|0|f0a49e2f-42f5-4ef1-afe4-b059b3c9e9b7|
17:44:01||joplin/b91769e4acc84ea8b93ce9616304e148.md|8|1|1726399833|5575b0bac6f5624b929f1405ee22a8eb|877|00000697ocw1sbyfxkrb|13||200|0|0|f0a49e2f-42f5-4ef1-afe4-b059b3c9e9b7|
17:44:01||joplin/b8164f5ff1d143269c8cfcf8b6ab363c.md|8|1|1726399833|5924afa63ab702b404aa591bdc4d7b3c|994|00000698ocw1sbyfxkrb|13||200|0|0|f0a49e2f-42f5-4ef1-afe4-b059b3c9e9b7|
17:44:17||joplin/ba5adaf3ecbf4465be0d075b7e3d135d.md|8|1|1726399833|07614645f0866fd17e846ed370fe2b2f|818|00000699ocw1sbyfxkrb|13||200|0|0|2a175bb8-c878-4fbc-bda4-05ed9c01475d|
17:44:17||joplin/ba6765d05ca34aa8aca7552e053675bd.md|8|1|1726399833|b333ea2918eff0eda4b4733314f4cd55|388|00000700ocw1sbyfxkrb|13||200|0|0|2a175bb8-c878-4fbc-bda4-05ed9c01475d|
17:44:17||joplin/bb28a8ec47364326a77829b08aba427f.md|8|1|1726399833|8b44ae9f51965b71f44c73154028a86e|413|00000701ocw1sbyfxkrb|13||200|0|0|2a175bb8-c878-4fbc-bda4-05ed9c01475d|
17:44:17||joplin/bcd89579899f445bbc7eda8e902bad1c.md|8|1|1726399833|f47713ff38932e6d4d80acd2275f707e|497|00000702ocw1sbyfxkrb|13||200|0|0|2a175bb8-c878-4fbc-bda4-05ed9c01475d|
17:44:17||joplin/bbe4f85675654746b8be9624308ee26a.md|8|1|1726399833|3f8f7eea83fd1a5b6416263800f88f14|879|00000703ocw1sbyfxkrb|13||200|0|0|2a175bb8-c878-4fbc-bda4-05ed9c01475d|
17:44:17||joplin/bdee00e9db9d4896a9a681e9f16ab89d.md|8|1|1726399833|b58f9bb2789429b16a5981355654ca6e|708|00000704ocw1sbyfxkrb|13||200|0|0|2a175bb8-c878-4fbc-bda4-05ed9c01475d|
17:44:17||joplin/c10b15c24e1141bcb07260d3ec82c472.md|8|1|1726399833|dfb1ae7c7e7eec94509e933970c7ec17|3155|00000705ocw1sbyfxkrb|13||200|0|0|2a175bb8-c878-4fbc-bda4-05ed9c01475d|
17:44:17||joplin/c0eb26de783c4194bcd950f4fb71d4aa.md|8|1|1726399833|8ec5563a629be7a19c2058e8ccab823d|812|00000706ocw1sbyfxkrb|13||200|0|0|2a175bb8-c878-4fbc-bda4-05ed9c01475d|
17:44:17||joplin/bebb1bae34e044bfa91cf780ec8877a5.md|8|1|1726399833|e1d2c47788ed51f64e589be42facc519|834|00000707ocw1sbyfxkrb|13||200|0|0|2a175bb8-c878-4fbc-bda4-05ed9c01475d|
17:44:17||joplin/c5ddca2207324800b47bc26b51aae770.md|8|1|1726399833|bdd730effe877cf0e7b63cc8db025808|666|00000708ocw1sbyfxkrb|13||200|0|0|2a175bb8-c878-4fbc-bda4-05ed9c01475d|
17:44:17||joplin/c8eacd314e3f402a857361c2e84cd3bd.md|8|1|1726399833|38579b4a0e599a660e0f53fbf2cc5998|374|00000709ocw1sbyfxkrb|13||200|0|0|2a175bb8-c878-4fbc-bda4-05ed9c01475d|
17:44:17||joplin/c6763331e250404591ce2c32d56b99ba.md|8|1|1726399833|3d4472a0bcb3ea0d36658f2d2ee0bcb2|832|00000710ocw1sbyfxkrb|13||200|0|0|2a175bb8-c878-4fbc-bda4-05ed9c01475d|
17:44:17||joplin/c7086e099ff0467981ed74669bab2e98.md|8|1|1726399833|300a8ec461b2ce422a9e15fd44513287|849|00000711ocw1sbyfxkrb|13||200|0|0|2a175bb8-c878-4fbc-bda4-05ed9c01475d|
17:44:17||joplin/caf2fc51b6ec429d94b92895a4ba92c8.md|8|1|1726399833|e1562f3481ffec04ebd6dd43a2456ee4|1435|00000712ocw1sbyfxkrb|13||200|0|0|2a175bb8-c878-4fbc-bda4-05ed9c01475d|
17:44:17||joplin/cc6378455d664a06854d3323c8aa53b5.md|8|1|1726399833|3f60239d59d7a80aec7f3f8bf9833939|800|00000713ocw1sbyfxkrb|13||200|0|0|2a175bb8-c878-4fbc-bda4-05ed9c01475d|
17:44:17||joplin/cc437394642a41d287440999a0b47b44.md|8|1|1726399833|223f16fc4e50803c201c08223be4dca4|995|00000714ocw1sbyfxkrb|13||200|0|0|2a175bb8-c878-4fbc-bda4-05ed9c01475d|
17:44:17||joplin/ccf9dfc8384d478ab38ddef66c727896.md|8|1|1726399833|d6c7fd91fd9008311ed4a7b358862f38|2502|00000715ocw1sbyfxkrb|13||200|0|0|2a175bb8-c878-4fbc-bda4-05ed9c01475d|
17:44:17||joplin/caf488b0773b4d089d21e6495ba4e4fd.md|8|1|1726399833|d4d21f119b52ad1cdcd5c8a3b647cbfd|4407|00000716ocw1sbyfxkrb|13||200|0|0|2a175bb8-c878-4fbc-bda4-05ed9c01475d|
17:44:17||joplin/cf0a684c9eb9451498fbabec43696f54.md|8|1|1726399833|1a6944c572be453cc38189bd2ff9c27d|874|00000717ocw1sbyfxkrb|13||200|0|0|2a175bb8-c878-4fbc-bda4-05ed9c01475d|
17:44:17||joplin/cefc119f3cdf449dba7828daa1a761da.md|8|1|1726399833|ce78c30d17f4f6c505269b62ab230d12|659|00000718ocw1sbyfxkrb|13||200|0|0|2a175bb8-c878-4fbc-bda4-05ed9c01475d|
17:44:17||joplin/d24de484c9714679ba9e46c1b44926da.md|8|1|1726399833|0e70fdf434ea40f0ba9eb90e8c0fe84a|966|00000719ocw1sbyfxkrb|13||200|0|0|2a175bb8-c878-4fbc-bda4-05ed9c01475d|
17:44:17||joplin/d04128b6f15e4355b704c3829940898d.md|8|1|1726399833|a69d7d0ef837a250f44a92befa4a117b|8720|00000720ocw1sbyfxkrb|13||200|0|0|2a175bb8-c878-4fbc-bda4-05ed9c01475d|
17:44:17||joplin/d58632f4a2f844cd8dac3e4aaea1a7d1.md|8|1|1726399833|39bdbb6fb4ddfd98c81a5aad1fdf3783|655|00000721ocw1sbyfxkrb|13||200|0|0|2a175bb8-c878-4fbc-bda4-05ed9c01475d|
17:44:17||joplin/d4db0ecb15cb49ec83ac5798e9e37420.md|8|1|1726399833|36c13ca2b92cf03432bd9c755684dea0|1714|00000722ocw1sbyfxkrb|13||200|0|0|2a175bb8-c878-4fbc-bda4-05ed9c01475d|
17:44:17||joplin/d67ee40e02dd47af82518470c295c4fc.md|8|1|1726399833|2fe736c02bda7d9e8c769e6a0233676b|824|00000723ocw1sbyfxkrb|13||200|0|0|2a175bb8-c878-4fbc-bda4-05ed9c01475d|
17:44:17||joplin/d807d1a9565245e68d9ab2202561b720.md|8|1|1726399833|4c2051307406bf5de4754c81c78870a6|1753|00000724ocw1sbyfxkrb|13||200|0|0|2a175bb8-c878-4fbc-bda4-05ed9c01475d|
17:44:17||joplin/d84960a41b0848f6917b3e095e5d18e0.md|8|1|1726399833|51aca7df1b30f0f1d68ca1ba1428030f|655|00000725ocw1sbyfxkrb|13||200|0|0|2a175bb8-c878-4fbc-bda4-05ed9c01475d|
17:44:17||joplin/d8314419aa2a45df9cda6542a69ccd26.md|8|1|1726399833|a86f28807ec9849346d8941738351b74|696|00000726ocw1sbyfxkrb|13||200|0|0|2a175bb8-c878-4fbc-bda4-05ed9c01475d|
17:44:17||joplin/d9913c8656d54fa4a10e7165ac70dc45.md|8|1|1726399833|3fe858df79d7b637e8ea1632b8afc2ed|728|00000727ocw1sbyfxkrb|13||200|0|0|2a175bb8-c878-4fbc-bda4-05ed9c01475d|
17:44:17||joplin/d9d94c9de4b0490ea6344ec618de91a2.md|8|1|1726399833|f6ae09c35f94d3abbde7312b2bf460ae|817|00000728ocw1sbyfxkrb|13||200|0|0|2a175bb8-c878-4fbc-bda4-05ed9c01475d|
17:44:17||joplin/da46f688f51a488ba31c264b00797ffe.md|8|1|1726399833|54953fc64b3eafa33932edfa11738902|415|00000729ocw1sbyfxkrb|13||200|0|0|2a175bb8-c878-4fbc-bda4-05ed9c01475d|
17:44:17||joplin/da5d43d9882045fa949df93ca8e11aff.md|8|1|1726399833|6e1939aaca8f99ac9ecb497bf346d37b|413|00000730ocw1sbyfxkrb|13||200|0|0|2a175bb8-c878-4fbc-bda4-05ed9c01475d|
17:44:17||joplin/da99f31c845941aca7b158760484a7c6.md|8|1|1726399833|24edcaf0aa62c0b48b1c73bc817cfae5|369|00000731ocw1sbyfxkrb|13||200|0|0|2a175bb8-c878-4fbc-bda4-05ed9c01475d|
17:44:17||joplin/da66270555f149359a8db0b0394f6e91.md|8|1|1726399833|00c7d5d7db2c80053bd80bd1979800dd|867|00000732ocw1sbyfxkrb|13||200|0|0|2a175bb8-c878-4fbc-bda4-05ed9c01475d|
17:44:17||joplin/dd3e48604aa0491cb686378bc1b23dfb.md|8|1|1726399833|06551427cae4fefc52e5a8b810a3e35c|732|00000733ocw1sbyfxkrb|13||200|0|0|2a175bb8-c878-4fbc-bda4-05ed9c01475d|
17:44:17||joplin/dff05f5a03524eb38c6fb8f5f24a381f.md|8|1|1726399833|271c9fd1bb4d96dc41ac616c7ed08b49|305|00000734ocw1sbyfxkrb|13||200|0|0|2a175bb8-c878-4fbc-bda4-05ed9c01475d|
17:44:17||joplin/e2cd4476f7cc418b88e528b438540145.md|8|1|1726399833|3a79feb71eab1f501fac726dba151404|3958|00000735ocw1sbyfxkrb|13||200|0|0|2a175bb8-c878-4fbc-bda4-05ed9c01475d|
17:44:17||joplin/e597cd0f141242fdaf556013420776f2.md|8|1|1726399833|e9cce70db98870d74cd7ef7a8142392b|656|00000736ocw1sbyfxkrb|13||200|0|0|2a175bb8-c878-4fbc-bda4-05ed9c01475d|
17:44:17||joplin/e62e46bfe9f4489c8222b0361f320896.md|8|1|1726399833|a3038efe99ab6fe6009814553150b812|3199|00000737ocw1sbyfxkrb|13||200|0|0|2a175bb8-c878-4fbc-bda4-05ed9c01475d|
17:44:17||joplin/e73c879cedce40888e26280eb9c0dbab.md|8|1|1726399833|e7a9e5458b94740733e5c1fb2adad584|794|00000738ocw1sbyfxkrb|13||200|0|0|2a175bb8-c878-4fbc-bda4-05ed9c01475d|
17:44:17||joplin/e950e839a9184a8e8dade76f0adf9991.md|8|1|1726399833|8d468994af85dff548dec51966523303|813|00000739ocw1sbyfxkrb|13||200|0|0|2a175bb8-c878-4fbc-bda4-05ed9c01475d|
17:44:17||joplin/eab5526de4764c3a8c39285d152202e1.md|8|1|1726399833|e6e258574812585c53af4d451cd4eeac|311|00000740ocw1sbyfxkrb|13||200|0|0|2a175bb8-c878-4fbc-bda4-05ed9c01475d|
17:44:17||joplin/eb61e7ccd048463ebb41dfb05233a585.md|8|1|1726399833|ecb9629ea93e8ec06394863ba910e986|413|00000741ocw1sbyfxkrb|13||200|0|0|2a175bb8-c878-4fbc-bda4-05ed9c01475d|
17:44:17||joplin/ecbc33fd6761427f95ace8c8108d143d.md|8|1|1726399833|943aecf495e1609bd92d186690ffb413|776|00000742ocw1sbyfxkrb|13||200|0|0|2a175bb8-c878-4fbc-bda4-05ed9c01475d|
17:44:17||joplin/ed16debb2c5e43c4ab1683d98c2796fb.md|8|1|1726399833|bc7f8ec4d00ca3ef55b0f9e68a4c8760|776|00000743ocw1sbyfxkrb|13||200|0|0|2a175bb8-c878-4fbc-bda4-05ed9c01475d|
17:44:17||joplin/ef2ccd83d9764d079951c9b89e2d856f.md|8|1|1726399833|444c516c18701c692062b5a1b479101d|665|00000744ocw1sbyfxkrb|13||200|0|0|2a175bb8-c878-4fbc-bda4-05ed9c01475d|
17:44:17||joplin/ef3e9441feb64b0ba196c0298c273237.md|8|1|1726399833|1a49717fd6a4a110e9b38d27873775bc|4286|00000745ocw1sbyfxkrb|13||200|0|0|2a175bb8-c878-4fbc-bda4-05ed9c01475d|
17:44:17||joplin/f1871eb34fa541899072ea0b4667955b.md|8|1|1726399833|57ba1af63393917d4d06e90e9e7ab9b4|705|00000746ocw1sbyfxkrb|13||200|0|0|2a175bb8-c878-4fbc-bda4-05ed9c01475d|
17:44:17||joplin/f29d3c7b69f94b8d8d9b0829b4769075.md|8|1|1726399833|da39854c3df92d3c5b378d71c5cbc5bb|830|00000747ocw1sbyfxkrb|13||200|0|0|2a175bb8-c878-4fbc-bda4-05ed9c01475d|
17:44:17||joplin/f2a54ab2b0d143868729f569fb1b7f81.md|8|1|1726399833|950c7a74b03a9c1fd97e2b12ff73652f|813|00000748ocw1sbyfxkrb|13||200|0|0|2a175bb8-c878-4fbc-bda4-05ed9c01475d|
17:44:17||joplin/f3cd7de5f9c74c4f9947b13353327c6f.md|8|1|1726399833|1a5efd97246b96a091621f24894e8b80|3651|00000749ocw1sbyfxkrb|13||200|0|0|2a175bb8-c878-4fbc-bda4-05ed9c01475d|
17:44:17||joplin/f618014c35f6450a99c1c4d3ab513c14.md|8|1|1726399833|39167b174eb28d9c709bddeaf1d63071|1286|00000750ocw1sbyfxkrb|13||200|0|0|2a175bb8-c878-4fbc-bda4-05ed9c01475d|
17:44:17||joplin/f64224d2531f4eaa8b5b00ce7d2eae39.md|8|1|1726399833|8ca1e6d7da24a73ae618ec7b2641efd6|741|00000751ocw1sbyfxkrb|13||200|0|0|2a175bb8-c878-4fbc-bda4-05ed9c01475d|
17:44:17||joplin/f623e69f540948918e7d582a1aec08d8.md|8|1|1726399833|8b15402a549b57d15ac161580d502af0|301|00000752ocw1sbyfxkrb|13||200|0|0|2a175bb8-c878-4fbc-bda4-05ed9c01475d|
17:44:17||joplin/f962e35039b941e2aad6a9f1da8055a8.md|8|1|1726399833|e5b21fd2e254a7300421634fea432127|836|00000753ocw1sbyfxkrb|13||200|0|0|2a175bb8-c878-4fbc-bda4-05ed9c01475d|
17:44:17||joplin/fa34b4e1273b4c45a07fe23435c95db3.md|8|1|1726399833|72be1d2f2faa3c6c6db660a96969c00a|994|00000754ocw1sbyfxkrb|13||200|0|0|2a175bb8-c878-4fbc-bda4-05ed9c01475d|
17:44:17||joplin/info.json|8|1|1726399833|8ec7ff22843bb476f57d97f2714924ae|200|00000755ocw1sbyfxkrb|13||200|0|0|2a175bb8-c878-4fbc-bda4-05ed9c01475d|
17:44:17||joplin/faec08a638de45fd86ecd79b6bca5c76.md|8|1|1726399833|fb825190ad10e2734eff67f044d9895e|759|00000756ocw1sbyfxkrb|13||200|0|0|2a175bb8-c878-4fbc-bda4-05ed9c01475d|
17:44:17||aideFi/2024-25/winter/tuition_proof_of_payment.pdf|8|1|1726399833|d88d6e8235deb47e40cc379b2411de6a|30809|00000757ocw1sbyfxkrb|13||200|0|0|2a175bb8-c878-4fbc-bda4-05ed9c01475d|
17:44:17||joplin/.sync/version.txt|8|1|1726399833|416a68060c39587b11082fc4cd99c588|1|00000758ocw1sbyfxkrb|13||200|0|0|2a175bb8-c878-4fbc-bda4-05ed9c01475d|
17:44:17||joplin/.sync/readme.txt|8|1|1726399833|38d3851c7f8a9585ec61225b4302d4d4|482|00000759ocw1sbyfxkrb|13||200|0|0|2a175bb8-c878-4fbc-bda4-05ed9c01475d|
17:44:17||aideFi/2024-25/winter/housing_proof_of_payment.pdf|8|1|1728191622|d86bf326d3e01f485a3cde31550f3a17|35961|00000760ocw1sbyfxkrb|13||200|0|0|2a175bb8-c878-4fbc-bda4-05ed9c01475d|
17:44:17||personal/writing/margaux.docx|8|1|1732043338|11e92192c22a6ef278b61cdea9187219|23437|00000761ocw1sbyfxkrb|13||200|0|0|2a175bb8-c878-4fbc-bda4-05ed9c01475d|
17:44:17||personal/Allergy Test Rumen 2019.pdf|8|1|1726399833|df02775d445f0a1df5a5859aa8448f6b|55763|00000762ocw1sbyfxkrb|13||200|0|0|2a175bb8-c878-4fbc-bda4-05ed9c01475d|
17:44:17||personal/cover_letter.odt|8|1|1726399833|e715631a03b37ca97026a2018a0107c2|29868|00000763ocw1sbyfxkrb|13||200|0|0|2a175bb8-c878-4fbc-bda4-05ed9c01475d|
17:44:17||personal/cover_letter.pdf|8|1|1726399833|4646be8c5adfabe380ba35fcfef7e5ab|24154|00000764ocw1sbyfxkrb|13||200|0|0|2a175bb8-c878-4fbc-bda4-05ed9c01475d|
17:44:17||personal/banking_details.pdf|8|1|1726399833|99ee7abc3b1206d218ba94f7e10093b7|41502|00000765ocw1sbyfxkrb|13||200|0|0|2a175bb8-c878-4fbc-bda4-05ed9c01475d|
17:44:17||aideFi/2024-25/winter/enrollment.pdf|8|1|1726399833|af350f7e1c0dc04548ad85fc9041acf9|210289|00000766ocw1sbyfxkrb|13||200|0|0|2a175bb8-c878-4fbc-bda4-05ed9c01475d|
17:44:17||personal/European BAC Diplome_EN.pdf|8|1|1726399833|d03d455a837fec5efcb311243c88421f|97406|00000767ocw1sbyfxkrb|13||200|0|0|2a175bb8-c878-4fbc-bda4-05ed9c01475d|
17:44:17||aideFi/general/tax_exemption_father.pdf|8|1|1729574745|66d352d8332361b8063f73c170a9c1b9|177462|00000768ocw1sbyfxkrb|13||200|0|0|2a175bb8-c878-4fbc-bda4-05ed9c01475d|
17:44:17||personal/writing/book_1/Book 1 plan.docx|8|1|1726399833|c3e40b8776933d62278b679d358bcad1|32427|00000769ocw1sbyfxkrb|13||200|0|0|2a175bb8-c878-4fbc-bda4-05ed9c01475d|
17:44:17||personal/rumen.png|8|1|1728195900|e266cae81685463eff5c2aacef512c45|32522|00000770ocw1sbyfxkrb|13||200|0|0|2a175bb8-c878-4fbc-bda4-05ed9c01475d|
17:44:17||aideFi/general/tax_exemption_mother.pdf|8|1|1729574730|6b8842ef5e97abb12ff85997eca6a705|178108|00000771ocw1sbyfxkrb|13||200|0|0|2a175bb8-c878-4fbc-bda4-05ed9c01475d|
17:44:17||personal/writing/book_1/Introduction v1.docx|8|1|1726399833|2b1dc5793080a601387f99ca12d73883|39889|00000772ocw1sbyfxkrb|13||200|0|0|2a175bb8-c878-4fbc-bda4-05ed9c01475d|
17:44:17||personal/writing/book_1/Introduction v2.docx|8|1|1726399833|5021250b42f1c755982f7e21efcc0d1a|39474|00000773ocw1sbyfxkrb|13||200|0|0|2a175bb8-c878-4fbc-bda4-05ed9c01475d|
17:44:17||personal/writing/book_1/Introduction v3.docx|8|1|1726399833|816cc31991922d77c086ce383f780a42|37002|00000774ocw1sbyfxkrb|13||200|0|0|2a175bb8-c878-4fbc-bda4-05ed9c01475d|
17:44:17||personal/writing/daily/clandestine.org|8|1|1726399833|4c4fbef8dac103deb58173cdeb70254b|988|00000775ocw1sbyfxkrb|13||200|0|0|2a175bb8-c878-4fbc-bda4-05ed9c01475d|
17:44:17||personal/writing/daily/pristine_angel.org|8|1|1726399833|f5f3192b2f030addbdd8141a23acb95a|670|00000776ocw1sbyfxkrb|13||200|0|0|2a175bb8-c878-4fbc-bda4-05ed9c01475d|
17:44:17||personal/writing/daily/the_dinner_party.org|8|1|1726399833|a6f5d36ab27af0a72af770a64ca69b10|1003|00000777ocw1sbyfxkrb|13||200|0|0|2a175bb8-c878-4fbc-bda4-05ed9c01475d|
17:44:17||personal/passport.pdf|8|1|1726399833|bb3886e4a2385610ebf5c8b2504ebb3e|99917|00000778ocw1sbyfxkrb|13||200|0|0|2a175bb8-c878-4fbc-bda4-05ed9c01475d|
17:44:17||personal/writing/daily/the_journey.org|8|1|1726399833|47d3aef497cd3597f0ef2c514b610eb7|2005|00000779ocw1sbyfxkrb|13||200|0|0|2a175bb8-c878-4fbc-bda4-05ed9c01475d|
17:44:17||personal/signature.png|8|1|1728196165|4de53f828a4928f9025b8a5fbdf2629a|19644|00000780ocw1sbyfxkrb|13||200|0|0|2a175bb8-c878-4fbc-bda4-05ed9c01475d|
17:44:17||personal/rumen_mitov_cv.odt|8|1|1726399833|5541a2a8898deae5a4e19400cf053435|84195|00000781ocw1sbyfxkrb|13||200|0|0|2a175bb8-c878-4fbc-bda4-05ed9c01475d|
17:44:17||personal/writing/parisian_poetry/A Miracle Wasted - Copy.docx|8|1|1726399833|4eba81fc5581d7b5c1d3bb9f3a85ce9d|18027|00000782ocw1sbyfxkrb|13||200|0|0|2a175bb8-c878-4fbc-bda4-05ed9c01475d|
17:44:17||personal/writing/parisian_poetry/A Miracle Wasted.docx|8|1|1726399833|f236094e8bc3fc221822931c92b5ff86|17534|00000783ocw1sbyfxkrb|13||200|0|0|2a175bb8-c878-4fbc-bda4-05ed9c01475d|
17:44:17||personal/writing/parisian_poetry/Hunting.docx|8|1|1726399833|393281fe53c0da322b1e92382a3979f2|16365|00000784ocw1sbyfxkrb|13||200|0|0|2a175bb8-c878-4fbc-bda4-05ed9c01475d|
17:44:17||personal/rumen_mitov_cv_5.pdf|8|1|1726399833|cb97e498db848d4323822f8d08f3044e|81340|00000785ocw1sbyfxkrb|13||200|0|0|2a175bb8-c878-4fbc-bda4-05ed9c01475d|
17:44:17||personal/rumen_mitov_cv_06.pdf|8|1|1728197093|2b3332b53ff2306753fdc6c180189562|105761|00000786ocw1sbyfxkrb|13||200|0|0|2a175bb8-c878-4fbc-bda4-05ed9c01475d|
17:44:17||personal/rumen_mitov_cv_06.odt|8|1|1728197069|b922c1497f8cf1cee24244801a07d7a9|89895|00000787ocw1sbyfxkrb|13||200|0|0|2a175bb8-c878-4fbc-bda4-05ed9c01475d|
17:44:17||personal/Health Coverage Certificate.pdf|8|1|1726399833|0fa0164c2a5455582a141b36103a1228|259255|00000788ocw1sbyfxkrb|13||200|0|0|2a175bb8-c878-4fbc-bda4-05ed9c01475d|
17:44:17||personal/Goethe Institut B1 Certificate 2022.pdf|8|1|1726399833|77a5e235445ee87c92d7571e6592f953|273984|00000789ocw1sbyfxkrb|13||200|0|0|2a175bb8-c878-4fbc-bda4-05ed9c01475d|
17:44:17||aideFi/2024-25/winter/tuition_invoice.pdf|8|1|1726399833|d6812c6c21e68eb0f391c67bed8adb7a|331218|00000790ocw1sbyfxkrb|13||200|0|0|2a175bb8-c878-4fbc-bda4-05ed9c01475d|
17:44:17||personal/writing/book_1/Book 1.docx|8|1|1726399833|0a693e0a2c743a7c74280d32263f580d|267327|00000791ocw1sbyfxkrb|13||200|0|0|2a175bb8-c878-4fbc-bda4-05ed9c01475d|
17:44:17||personal/allergies_report.pdf|8|1|1726399833|b23e952fbfd17949b625460447b95490|345764|00000792ocw1sbyfxkrb|13||200|0|0|2a175bb8-c878-4fbc-bda4-05ed9c01475d|
17:44:17||personal/writing/book_1/Draft 1.docx|8|1|1726399833|e95674e569c364d11f2a9ced1beff98a|262040|00000793ocw1sbyfxkrb|13||200|0|0|2a175bb8-c878-4fbc-bda4-05ed9c01475d|
17:44:17||aideFi/2024-25/winter/housing_bill.pdf|8|1|1728191239|0f574499560fe6fe08e8229e1a953d28|424396|00000794ocw1sbyfxkrb|13||200|0|0|2a175bb8-c878-4fbc-bda4-05ed9c01475d|
17:44:17||personal/rumen_mitov_cv_07.pdf|8|1|1732197253|0a231dc2ecd3420737ac7384ab349801|278951|00000795ocw1sbyfxkrb|13||200|0|0|2a175bb8-c878-4fbc-bda4-05ed9c01475d|
17:44:17||personal/grades.pdf|8|1|1726399833|a3bba9c587b4011b05b739ee95294013|413137|00000796ocw1sbyfxkrb|13||200|0|0|2a175bb8-c878-4fbc-bda4-05ed9c01475d|
17:44:17||personal/german_health_insurance.pdf|8|1|1726399833|959af16d5889fe7cc5218fa450fb6dc4|856180|00000797ocw1sbyfxkrb|13||200|0|0|2a175bb8-c878-4fbc-bda4-05ed9c01475d|
17:44:17||personal/writing/book_1/The Crimson Flower (1st draft).pdf|8|1|1726399833|d583d7be6b8281a37aca20e8bfcea0a0|830256|00000798ocw1sbyfxkrb|13||200|0|0|2a175bb8-c878-4fbc-bda4-05ed9c01475d|
17:44:28||personal/writing/parisian_poetry/The Rose and The Tower.docx|8|1|1726399833|5b5bcd7b8af7e668f2afe8e158f80158|14320|00000799ocw1sbyfxkrb|13||200|0|0|55840307-ef4a-4f28-86c7-dd8704d28a6c|
17:44:28||personal/writing/poems/A Mother's Elegy.docx|8|1|1726399833|024e6ac6eb99542328c8e5f56e377a5f|17789|00000800ocw1sbyfxkrb|13||200|0|0|55840307-ef4a-4f28-86c7-dd8704d28a6c|
17:44:28||presents/bday_mum_2024/the_leaf_and_the_world.org|8|1|1726399833|8be4209604206f8676f57873a8fa1962|1403|00000801ocw1sbyfxkrb|13||200|0|0|55840307-ef4a-4f28-86c7-dd8704d28a6c|
17:44:28||personal/writing/book_1/draft_2/0-prologue.org|8|1|1726399833|b7f3a4444fa34f1988fbe8f25d872ab2|5613|00000802ocw1sbyfxkrb|13||200|0|0|55840307-ef4a-4f28-86c7-dd8704d28a6c|
17:44:28||personal/writing/parisian_poetry/Lost.docx|8|1|1726399833|4e1ba99aec99b9ef5a5292857b0bea7a|14301|00000803ocw1sbyfxkrb|13||200|0|0|55840307-ef4a-4f28-86c7-dd8704d28a6c|
17:44:28||personal/writing/book_1/draft_2/1-the_heist.org|8|1|1726399833|f83f3bbe381f8a9c673d272087dd21e5|9192|00000804ocw1sbyfxkrb|13||200|0|0|55840307-ef4a-4f28-86c7-dd8704d28a6c|
17:44:28||personal/writing/poems/Our Hero.docx|8|1|1726399833|ff62ad76f36224b8546ce9ea8b71a99e|17055|00000805ocw1sbyfxkrb|13||200|0|0|55840307-ef4a-4f28-86c7-dd8704d28a6c|
17:44:28||presents/bday_mum_2024/the_leaf_and_the_world.pdf|8|1|1726399833|6b2037d60c265f9ceac9ce24036326fd|38879|00000806ocw1sbyfxkrb|13||200|0|0|55840307-ef4a-4f28-86c7-dd8704d28a6c|
17:44:28||personal/writing/short_stories/The Fire on Christmas Eve.docx|8|1|1726399833|86d3722342573f285172c741c9bf925a|27727|00000807ocw1sbyfxkrb|13||200|0|0|55840307-ef4a-4f28-86c7-dd8704d28a6c|
17:44:28||personal/writing/book_1/draft_2/10-arthoria.org|8|1|1726399833|b440d566dba242d5d78b80f8f425f5aa|10804|00000808ocw1sbyfxkrb|13||200|0|0|55840307-ef4a-4f28-86c7-dd8704d28a6c|
17:44:28||personal/writing/short_stories/The North Pole.docx|8|1|1726399833|15cae5d6f2c0276ac6fc2525c008ac6f|21829|00000809ocw1sbyfxkrb|13||200|0|0|55840307-ef4a-4f28-86c7-dd8704d28a6c|
17:44:28||personal/writing/book_1/draft_2/2-the_promise.org|8|1|1726399833|822bd89c99a3600a805e503b3a9461a2|4150|00000810ocw1sbyfxkrb|13||200|0|0|55840307-ef4a-4f28-86c7-dd8704d28a6c|
17:44:28||personal/writing/book_1/draft_2/4-the_witch.org|8|1|1726399833|eb560234ff8ad4dce244616f4cef3c95|4998|00000811ocw1sbyfxkrb|13||200|0|0|55840307-ef4a-4f28-86c7-dd8704d28a6c|
17:44:28||presents/bday_mum_2024/the_leaf_and_the_world.odt|8|1|1726399833|d9f0f8673c0ae0d89d6958b052a8e706|35418|00000812ocw1sbyfxkrb|13||200|0|0|55840307-ef4a-4f28-86c7-dd8704d28a6c|
17:44:28||personal/writing/book_1/draft_2/3-the_easy_part.org|8|1|1726399833|828db944ff3d5e83c7d361629c5117b2|8553|00000813ocw1sbyfxkrb|13||200|0|0|55840307-ef4a-4f28-86c7-dd8704d28a6c|
17:44:28||personal/writing/book_1/draft_2/5-the_ride_back.org|8|1|1726399833|aad7e8e0e65b3df1c1ed4a7213956b20|6001|00000814ocw1sbyfxkrb|13||200|0|0|55840307-ef4a-4f28-86c7-dd8704d28a6c|
17:44:28||personal/writing/book_1/draft_2/7-the_hunt_of_the_nightwolves.org|8|1|1726399833|6cadeb859b90400f142115ac67d723ab|14365|00000815ocw1sbyfxkrb|13||200|0|0|55840307-ef4a-4f28-86c7-dd8704d28a6c|
17:44:28||personal/writing/book_1/draft_2/6-the_curse.org|8|1|1726399833|efca28a5def76294ca33ee2f822ba64d|13145|00000816ocw1sbyfxkrb|13||200|0|0|55840307-ef4a-4f28-86c7-dd8704d28a6c|
17:44:28||personal/writing/poems/his_cross/His Cross (2023).docx|8|1|1726399833|9b7b9e4e3578523d5e610e142333d7b5|16300|00000817ocw1sbyfxkrb|13||200|0|0|55840307-ef4a-4f28-86c7-dd8704d28a6c|
17:44:28||personal/writing/book_1/draft_2/9-clairevoyant.org|8|1|1726399833|a63e366ff98aedbd52594d6b2778e665|10078|00000818ocw1sbyfxkrb|13||200|0|0|55840307-ef4a-4f28-86c7-dd8704d28a6c|
17:44:28||personal/writing/book_1/draft_2/8-payback.org|8|1|1726399833|79a48db097a99ba1acc1c648a02c0a28|10612|00000819ocw1sbyfxkrb|13||200|0|0|55840307-ef4a-4f28-86c7-dd8704d28a6c|
17:44:28||personal/writing/short_stories/a_tale_of_christmas/A Tale of Christmas (2022).docx|8|1|1726399833|606f765e4812b36d961119eb619d7c61|66931|00000820ocw1sbyfxkrb|13||200|0|0|55840307-ef4a-4f28-86c7-dd8704d28a6c|
17:44:28||personal/writing/short_stories/two_mortals/Two Mortals.docx|8|1|1726399833|fe0837b8fc5c4c43741b333da25ef0df|20353|00000821ocw1sbyfxkrb|13||200|0|0|55840307-ef4a-4f28-86c7-dd8704d28a6c|
17:44:28||personal/writing/book_1/draft_2/notes/notes.org|8|1|1726399833|d7e762bd263aa9f87969d93d1ef1d224|1301|00000822ocw1sbyfxkrb|13||200|0|0|55840307-ef4a-4f28-86c7-dd8704d28a6c|
17:44:28||personal/writing/short_stories/two_mortals/ .docx|8|1|1726399833|2900626bfd39e93bb33868dca08a534c|25063|00000823ocw1sbyfxkrb|13||200|0|0|55840307-ef4a-4f28-86c7-dd8704d28a6c|
17:44:28||personal/writing/short_stories/a_tale_of_christmas/A Tale of Christmas (2022).pdf|8|1|1726399833|387bd4c278db5ebb47777156aa9afacf|179570|00000824ocw1sbyfxkrb|13||200|0|0|55840307-ef4a-4f28-86c7-dd8704d28a6c|
17:44:28||personal/writing/short_stories/two_mortals/Two Mortals.pdf|8|1|1726399833|53c6262f4d258219ceb21861bb036def|82598|00000825ocw1sbyfxkrb|13||200|0|0|55840307-ef4a-4f28-86c7-dd8704d28a6c|
17:44:28||work/2024/constructor_tech/agreement.pdf|8|1|1726399833|e43a9d6a6a374398fe3c9e2b0bbf35b6|60291|00000826ocw1sbyfxkrb|13||200|0|0|55840307-ef4a-4f28-86c7-dd8704d28a6c|
17:44:28||work/2024/eca/Bank details form EN.odt|8|1|1726399833|5347717b64cd5edd244d3ef88cc8615d|62144|00000827ocw1sbyfxkrb|13||200|0|0|55840307-ef4a-4f28-86c7-dd8704d28a6c|
17:44:28||personal/writing/poems/his_cross/His Cross (2023).pdf|8|1|1726399833|0b67fe05d5f7e9369b10c19840b008ee|197594|00000828ocw1sbyfxkrb|13||200|0|0|55840307-ef4a-4f28-86c7-dd8704d28a6c|
17:44:28||work/2024/ta/c_cpp/timesheet_oct_signed.pdf|8|1|1730393258|aa54448500f3d8ab2d0b4f999a50060e|49660|00000829ocw1sbyfxkrb|13||200|0|0|55840307-ef4a-4f28-86c7-dd8704d28a6c|
17:44:28||personal/writing/short_stories/two_mortals/ .pdf|8|1|1726399833|c593b0aaaf03bfc597d2b616c4fe02b5|120422|00000830ocw1sbyfxkrb|13||200|0|0|55840307-ef4a-4f28-86c7-dd8704d28a6c|
17:44:28||work/2024/ta/c_cpp/timesheet_sep.pdf|8|1|1727683571|3e32f9aeb84bf112ecb779b1e6c00f96|89950|00000831ocw1sbyfxkrb|13||200|0|0|55840307-ef4a-4f28-86c7-dd8704d28a6c|
17:44:28||work/2024/ta/c_cpp/timesheet_sep_RM_signed.pdf|8|1|1727684363|ecb5760ea7b05c25941db0977a191565|47027|00000832ocw1sbyfxkrb|13||200|0|0|55840307-ef4a-4f28-86c7-dd8704d28a6c|
17:44:28||work/2024/constructor_tech/nda.pdf|8|1|1726399833|e65aac41b5e211048ecefeba20400375|207916|00000833ocw1sbyfxkrb|13||200|0|0|55840307-ef4a-4f28-86c7-dd8704d28a6c|
17:44:28||work/2024/constructor_tech/contract.pdf|8|1|1726399833|9b15b699b15b01c3cbbfbeb39bf600be|245914|00000834ocw1sbyfxkrb|13||200|0|0|55840307-ef4a-4f28-86c7-dd8704d28a6c|
17:44:28||work/2024/constructor_tech/contract_extension_dec.pdf.gpg|8|1|1732034981|a84a0c67c903248fa4bdc5f976234483|269854|00000835ocw1sbyfxkrb|13||200|0|0|55840307-ef4a-4f28-86c7-dd8704d28a6c|
17:44:28||work/2024/eca/Professional discretion EN.odt|8|1|1726399833|9f5a87ef0db3f2b2bc8cf585be6a8b6f|270732|00000836ocw1sbyfxkrb|13||200|0|0|55840307-ef4a-4f28-86c7-dd8704d28a6c|
17:44:28||work/2024/eca/HR guidelines - formulaire adresse et pers cont EN.odt|8|1|1726399833|e88c7f64b41743b1e3bca1b1cd70b3ce|266025|00000837ocw1sbyfxkrb|13||200|0|0|55840307-ef4a-4f28-86c7-dd8704d28a6c|
17:44:28||work/2024/ta/mfcs/timesheets_oct.pdf|8|1|1730284710|7daf8ddd62c89588ba5b2bc829ab1147|88097|00000838ocw1sbyfxkrb|13||200|0|0|55840307-ef4a-4f28-86c7-dd8704d28a6c|
17:44:28||work/2024/constructor_tech/contract_extension_dec_signed.pdf|8|1|1732532846|8a768d97fa90ae2b5b6f81c273fbecfd|292786|00000839ocw1sbyfxkrb|13||200|0|0|55840307-ef4a-4f28-86c7-dd8704d28a6c|
17:44:28||work/2024/ta/mfcs/timesheets_sep.pdf|8|1|1730284630|b9054c88ac4e48509eefba07861bd7c2|90306|00000840ocw1sbyfxkrb|13||200|0|0|55840307-ef4a-4f28-86c7-dd8704d28a6c|
17:44:28||work/2024/constructor_tech/contract_extension_dec.pdf|8|1|1732034930|9c7855565dfb238a20e4db6f420439bb|269364|00000841ocw1sbyfxkrb|13||200|0|0|55840307-ef4a-4f28-86c7-dd8704d28a6c|
17:44:28||work/2024/ta/mfcs/timesheets_sep_signed.pdf|8|1|1730393076|03d32f59afcd48551a9e217d9cafc550|90306|00000842ocw1sbyfxkrb|13||200|0|0|55840307-ef4a-4f28-86c7-dd8704d28a6c|
17:44:28||work/2024/ta/c_cpp/timesheet_oct.pdf|8|1|1730284270|ad6a7c6cef88a674d2aec09401722a32|87672|00000843ocw1sbyfxkrb|13||200|0|0|55840307-ef4a-4f28-86c7-dd8704d28a6c|
17:44:28||work/2024/ta/mfcs/timesheets_oct_signed.pdf|8|1|1730393112|104124fac65f5126a5c75df4f0bb5167|100576|00000844ocw1sbyfxkrb|13||200|0|0|55840307-ef4a-4f28-86c7-dd8704d28a6c|
17:44:28||work/2024/constructor_tech/personal_survey.pdf|8|1|1726399833|29de032fb8a8297529243d1a4703d2ba|478280|00000845ocw1sbyfxkrb|13||200|0|0|55840307-ef4a-4f28-86c7-dd8704d28a6c|
17:44:28||work/2024/constructor_tech/personal_survey_en.pdf|8|1|1726399833|6cf822570a939234927627a311e24abf|241630|00000846ocw1sbyfxkrb|13||200|0|0|55840307-ef4a-4f28-86c7-dd8704d28a6c|
17:44:28||work/2024/ta/personal_survey_liability.pdf|8|1|1726399833|67c8b9428c9e0df4c93a95e6eb82bdfc|437182|00000847ocw1sbyfxkrb|13||200|0|0|55840307-ef4a-4f28-86c7-dd8704d28a6c|
17:44:28||work/2024/eca/20240729 Rumen Mitov_Certificate.pdf|8|1|1729672519|3551a369a3d9bd6b37fbc94562fbdd12|740658|00000848ocw1sbyfxkrb|13||200|0|0|55840307-ef4a-4f28-86c7-dd8704d28a6c|
17:44:28||work/2024/eca/contract.pdf|8|1|1726399833|6d85bca222623087132c7497d3341b91|752162|00000849ocw1sbyfxkrb|13||200|0|0|55840307-ef4a-4f28-86c7-dd8704d28a6c|
17:44:28||work/2024/eca/MITOV_remuneration letter.pdf|8|1|1729672515|cf746272ebaeaef137231f40aa346b2f|847850|00000850ocw1sbyfxkrb|13||200|0|0|55840307-ef4a-4f28-86c7-dd8704d28a6c|
17:44:28||work/2024/ta/ics/ics_contract.pdf|8|1|1726399833|ce7db3c8bcb612628f49ce798ff82ccf|1305787|00000851ocw1sbyfxkrb|13||200|0|0|55840307-ef4a-4f28-86c7-dd8704d28a6c|
17:44:28||work/2024/ta/c_cpp/c_cpp_contract.pdf|8|1|1726399833|af6df0bfdd7102fddfdd34d291f09ba2|1337730|00000852ocw1sbyfxkrb|13||200|0|0|55840307-ef4a-4f28-86c7-dd8704d28a6c|
17:44:28||work/2024/ta/231005_Anschreiben Anlage_Formular.pdf|8|1|1726399833|fbd1213f1f1c337b64da6ce9ec5a094b|2027330|00000853ocw1sbyfxkrb|13||200|0|0|55840307-ef4a-4f28-86c7-dd8704d28a6c|
#=#=#=# Syncrun finished 2024-11-30T17:44:39Z (last step: 151187 msec, total: 151725 msec)
#=#=#=# Syncrun started 2024-11-30T17:44:58Z
#=#=#=#=# Propagation starts 2024-11-30T17:45:03Z (last step: 5782 msec, total: 5782 msec)
#=#=#=# Syncrun finished 2024-11-30T17:45:03Z (last step: 78 msec, total: 5860 msec)
#=#=#=# Syncrun started 2024-11-30T17:45:07Z
#=#=#=#=# Propagation starts 2024-11-30T17:45:08Z (last step: 320 msec, total: 320 msec)
#=#=#=# Syncrun finished 2024-11-30T17:45:08Z (last step: 33 msec, total: 353 msec)
#=#=#=# Syncrun started 2024-11-30T17:45:59Z
#=#=#=#=# Propagation starts 2024-11-30T17:46:00Z (last step: 751 msec, total: 751 msec)
||Photos|8|2|1732988748|674b4f4c97e86|0|00001225ocw1sbyfxkrb|13||0|0|0||
#=#=#=# Syncrun finished 2024-11-30T17:46:00Z (last step: 12 msec, total: 763 msec)
#=#=#=# Syncrun started 2024-11-30T17:46:02Z
#=#=#=#=# Propagation starts 2024-11-30T17:46:02Z (last step: 221 msec, total: 221 msec)
#=#=#=# Syncrun finished 2024-11-30T17:46:02Z (last step: 7 msec, total: 228 msec)
#=#=#=# Syncrun started 2024-11-30T18:07:13Z
#=#=#=#=# Propagation starts 2024-11-30T18:07:16Z (last step: 2757 msec, total: 2757 msec)
||Notes|8|2|1732990022|674b544679e1c|0|00001387ocw1sbyfxkrb|13||0|0|0||
#=#=#=# Syncrun finished 2024-11-30T18:07:16Z (last step: 13 msec, total: 2771 msec)
#=#=#=# Syncrun started 2024-11-30T18:07:19Z
#=#=#=#=# Propagation starts 2024-11-30T18:07:19Z (last step: 295 msec, total: 295 msec)
#=#=#=# Syncrun finished 2024-11-30T18:07:19Z (last step: 7 msec, total: 302 msec)
#=#=#=# Syncrun started 2024-11-30T18:07:41Z
#=#=#=#=# Propagation starts 2024-11-30T18:07:41Z (last step: 277 msec, total: 277 msec)
18:07:31||test.whiteboard|8|2|1732990050|e116fecf64221c1abb249b8e6e87f4cb|0|00001394ocw1sbyfxkrb|13||200|0|0|1475ba84-b99a-4568-a363-8f61a78ad753|
#=#=#=# Syncrun finished 2024-11-30T18:07:42Z (last step: 246 msec, total: 524 msec)
#=#=#=# Syncrun started 2024-11-30T18:07:43Z
#=#=#=#=# Propagation starts 2024-11-30T18:07:43Z (last step: 266 msec, total: 266 msec)
#=#=#=# Syncrun finished 2024-11-30T18:07:43Z (last step: 7 msec, total: 273 msec)
#=#=#=# Syncrun started 2024-11-30T18:08:14Z
#=#=#=#=# Propagation starts 2024-11-30T18:08:14Z (last step: 270 msec, total: 270 msec)
18:08:04||test.whiteboard|64|2|1732990083|39a59061d28faf09e20ddf079c4d430b|1241|00001394ocw1sbyfxkrb|13||200|0|1732990050|9c9a9801-22a2-48fc-98e4-39e0a553f624|
#=#=#=# Syncrun finished 2024-11-30T18:08:15Z (last step: 265 msec, total: 535 msec)
#=#=#=# Syncrun started 2024-11-30T18:08:16Z
#=#=#=#=# Propagation starts 2024-11-30T18:08:16Z (last step: 271 msec, total: 271 msec)
#=#=#=# Syncrun finished 2024-11-30T18:08:16Z (last step: 7 msec, total: 279 msec)
#=#=#=# Syncrun started 2024-11-30T18:08:29Z
#=#=#=#=# Propagation starts 2024-11-30T18:08:29Z (last step: 264 msec, total: 264 msec)
||test.whiteboard|2|2|1732990083|39a59061d28faf09e20ddf079c4d430b|1241|00001394ocw1sbyfxkrb|13||0|1241|1732990083||
#=#=#=# Syncrun finished 2024-11-30T18:08:29Z (last step: 8 msec, total: 272 msec)
#=#=#=# Syncrun started 2024-11-30T18:08:30Z
#=#=#=#=# Propagation starts 2024-11-30T18:08:31Z (last step: 697 msec, total: 697 msec)
#=#=#=# Syncrun finished 2024-11-30T18:08:31Z (last step: 7 msec, total: 704 msec)
#=#=#=# Syncrun started 2024-11-30T18:08:32Z
#=#=#=#=# Propagation starts 2024-11-30T18:08:33Z (last step: 245 msec, total: 245 msec)
#=#=#=# Syncrun finished 2024-11-30T18:08:33Z (last step: 7 msec, total: 252 msec)
#=#=#=# Syncrun started 2024-11-30T18:29:31Z
#=#=#=#=# Propagation starts 2024-11-30T18:29:32Z (last step: 806 msec, total: 806 msec)
||Notes|2|2|1732990022|674b544679e1c|0|00001387ocw1sbyfxkrb|13||0|0|1732990022||
#=#=#=# Syncrun finished 2024-11-30T18:29:32Z (last step: 13 msec, total: 819 msec)
#=#=#=# Syncrun started 2024-11-30T18:29:33Z
#=#=#=#=# Propagation starts 2024-11-30T18:29:33Z (last step: 310 msec, total: 310 msec)
#=#=#=# Syncrun finished 2024-11-30T18:29:33Z (last step: 7 msec, total: 317 msec)
#=#=#=# Syncrun started 2024-11-30T18:29:34Z
#=#=#=#=# Propagation starts 2024-11-30T18:29:35Z (last step: 264 msec, total: 264 msec)
#=#=#=# Syncrun finished 2024-11-30T18:29:35Z (last step: 6 msec, total: 271 msec)
#=#=#=# Syncrun started 2024-11-30T18:31:41Z
#=#=#=#=# Propagation starts 2024-11-30T18:31:41Z (last step: 364 msec, total: 364 msec)
||Photos|2|2|1732988748|674b4f4c97e86|0|00001225ocw1sbyfxkrb|13||0|0|1732988748||
#=#=#=# Syncrun finished 2024-11-30T18:31:41Z (last step: 12 msec, total: 377 msec)
#=#=#=# Syncrun started 2024-11-30T18:31:42Z
#=#=#=#=# Propagation starts 2024-11-30T18:31:42Z (last step: 291 msec, total: 291 msec)
#=#=#=# Syncrun finished 2024-11-30T18:31:42Z (last step: 7 msec, total: 299 msec)
#=#=#=# Syncrun started 2024-11-30T18:31:43Z
#=#=#=#=# Propagation starts 2024-11-30T18:31:43Z (last step: 272 msec, total: 272 msec)
#=#=#=# Syncrun finished 2024-11-30T18:31:43Z (last step: 7 msec, total: 279 msec)
